12-May-2016 02:48:53.821 INFO [main] org.apache.catalina.startup.VersionLoggerListener.log Server version:        Apache Tomcat/8.0.33
12-May-2016 02:48:53.825 INFO [main] org.apache.catalina.startup.VersionLoggerListener.log Server built:          Mar 18 2016 20:31:49 UTC
12-May-2016 02:48:53.825 INFO [main] org.apache.catalina.startup.VersionLoggerListener.log Server number:         8.0.33.0
12-May-2016 02:48:53.825 INFO [main] org.apache.catalina.startup.VersionLoggerListener.log OS Name:               Mac OS X
12-May-2016 02:48:53.826 INFO [main] org.apache.catalina.startup.VersionLoggerListener.log OS Version:            10.11.4
12-May-2016 02:48:53.826 INFO [main] org.apache.catalina.startup.VersionLoggerListener.log Architecture:          x86_64
12-May-2016 02:48:53.826 INFO [main] org.apache.catalina.startup.VersionLoggerListener.log Java Home:             /Library/Java/JavaVirtualMachines/jdk1.8.0_91.jdk/Contents/Home/jre
12-May-2016 02:48:53.826 INFO [main] org.apache.catalina.startup.VersionLoggerListener.log JVM Version:           1.8.0_91-b14
12-May-2016 02:48:53.827 INFO [main] org.apache.catalina.startup.VersionLoggerListener.log JVM Vendor:            Oracle Corporation
12-May-2016 02:48:53.827 INFO [main] org.apache.catalina.startup.VersionLoggerListener.log CATALINA_BASE:         /Users/apple/Desktop/Ponisha/apache-tomcat-8.0.33
12-May-2016 02:48:53.827 INFO [main] org.apache.catalina.startup.VersionLoggerListener.log CATALINA_HOME:         /Users/apple/Desktop/Ponisha/apache-tomcat-8.0.33
12-May-2016 02:48:53.828 INFO [main] org.apache.catalina.startup.VersionLoggerListener.log Command line argument: -Djava.util.logging.config.file=/Users/apple/Desktop/Ponisha/apache-tomcat-8.0.33/conf/logging.properties
12-May-2016 02:48:53.828 INFO [main] org.apache.catalina.startup.VersionLoggerListener.log Command line argument: -Djava.util.logging.manager=org.apache.juli.ClassLoaderLogManager
12-May-2016 02:48:53.828 INFO [main] org.apache.catalina.startup.VersionLoggerListener.log Command line argument: -Dhttp.nonProxyHosts=localhost|127.0.0.1|apples-MacBook-Pro.local
12-May-2016 02:48:53.828 INFO [main] org.apache.catalina.startup.VersionLoggerListener.log Command line argument: -Djava.endorsed.dirs=/Users/apple/Desktop/Ponisha/apache-tomcat-8.0.33/endorsed
12-May-2016 02:48:53.829 INFO [main] org.apache.catalina.startup.VersionLoggerListener.log Command line argument: -Dcatalina.base=/Users/apple/Desktop/Ponisha/apache-tomcat-8.0.33
12-May-2016 02:48:53.829 INFO [main] org.apache.catalina.startup.VersionLoggerListener.log Command line argument: -Dcatalina.home=/Users/apple/Desktop/Ponisha/apache-tomcat-8.0.33
12-May-2016 02:48:53.829 INFO [main] org.apache.catalina.startup.VersionLoggerListener.log Command line argument: -Djava.io.tmpdir=/Users/apple/Desktop/Ponisha/apache-tomcat-8.0.33/temp
12-May-2016 02:48:53.829 INFO [main] org.apache.catalina.core.AprLifecycleListener.lifecycleEvent The APR based Apache Tomcat Native library which allows optimal performance in production environments was not found on the java.library.path: /Users/apple/Library/Java/Extensions:/Library/Java/Extensions:/Network/Library/Java/Extensions:/System/Library/Java/Extensions:/usr/lib/java:.
12-May-2016 02:48:54.197 INFO [main] org.apache.coyote.AbstractProtocol.init Initializing ProtocolHandler ["http-nio-8080"]
12-May-2016 02:48:54.242 INFO [main] org.apache.tomcat.util.net.NioSelectorPool.getSharedSelector Using a shared selector for servlet write/read
12-May-2016 02:48:54.251 INFO [main] org.apache.coyote.AbstractProtocol.init Initializing ProtocolHandler ["ajp-nio-8009"]
12-May-2016 02:48:54.256 INFO [main] org.apache.tomcat.util.net.NioSelectorPool.getSharedSelector Using a shared selector for servlet write/read
12-May-2016 02:48:54.257 INFO [main] org.apache.catalina.startup.Catalina.load Initialization processed in 1923 ms
12-May-2016 02:48:54.334 INFO [main] org.apache.catalina.core.StandardService.startInternal Starting service Catalina
12-May-2016 02:48:54.334 INFO [main] org.apache.catalina.core.StandardEngine.startInternal Starting Servlet Engine: Apache Tomcat/8.0.33
12-May-2016 02:48:54.354 INFO [localhost-startStop-1] org.apache.catalina.startup.HostConfig.deployDescriptor Deploying configuration descriptor /Users/apple/Desktop/Ponisha/apache-tomcat-8.0.33/conf/Catalina/localhost/FakePonisha.xml
12-May-2016 02:48:54.461 WARNING [localhost-startStop-1] org.apache.catalina.startup.SetContextPropertiesRule.begin [SetContextPropertiesRule]{Context} Setting property 'antiJARLocking' to 'true' did not find a matching property.
12-May-2016 02:48:54.867 INFO [localhost-startStop-1] org.apache.catalina.startup.HostConfig.deployDescriptor Deployment of configuration descriptor /Users/apple/Desktop/Ponisha/apache-tomcat-8.0.33/conf/Catalina/localhost/FakePonisha.xml has finished in 512 ms
12-May-2016 02:48:54.867 INFO [localhost-startStop-1] org.apache.catalina.startup.HostConfig.deployDescriptor Deploying configuration descriptor /Users/apple/Desktop/Ponisha/apache-tomcat-8.0.33/conf/Catalina/localhost/JspMavenProject.xml
12-May-2016 02:48:54.874 WARNING [localhost-startStop-1] org.apache.catalina.startup.SetContextPropertiesRule.begin [SetContextPropertiesRule]{Context} Setting property 'antiJARLocking' to 'true' did not find a matching property.
12-May-2016 02:48:54.909 INFO [localhost-startStop-1] org.apache.catalina.startup.HostConfig.deployDescriptor Deployment of configuration descriptor /Users/apple/Desktop/Ponisha/apache-tomcat-8.0.33/conf/Catalina/localhost/JspMavenProject.xml has finished in 42 ms
12-May-2016 02:48:54.912 INFO [localhost-startStop-1] org.apache.catalina.startup.HostConfig.deployDirectory Deploying web application directory /Users/apple/Desktop/Ponisha/apache-tomcat-8.0.33/webapps/docs
12-May-2016 02:48:54.982 INFO [localhost-startStop-1] org.apache.catalina.startup.HostConfig.deployDirectory Deployment of web application directory /Users/apple/Desktop/Ponisha/apache-tomcat-8.0.33/webapps/docs has finished in 71 ms
12-May-2016 02:48:54.983 INFO [localhost-startStop-1] org.apache.catalina.startup.HostConfig.deployDirectory Deploying web application directory /Users/apple/Desktop/Ponisha/apache-tomcat-8.0.33/webapps/examples
12-May-2016 02:48:55.509 INFO [localhost-startStop-1] org.apache.catalina.startup.HostConfig.deployDirectory Deployment of web application directory /Users/apple/Desktop/Ponisha/apache-tomcat-8.0.33/webapps/examples has finished in 525 ms
12-May-2016 02:48:55.509 INFO [localhost-startStop-1] org.apache.catalina.startup.HostConfig.deployDirectory Deploying web application directory /Users/apple/Desktop/Ponisha/apache-tomcat-8.0.33/webapps/host-manager
12-May-2016 02:48:55.574 INFO [localhost-startStop-1] org.apache.catalina.startup.HostConfig.deployDirectory Deployment of web application directory /Users/apple/Desktop/Ponisha/apache-tomcat-8.0.33/webapps/host-manager has finished in 65 ms
12-May-2016 02:48:55.575 INFO [localhost-startStop-1] org.apache.catalina.startup.HostConfig.deployDirectory Deploying web application directory /Users/apple/Desktop/Ponisha/apache-tomcat-8.0.33/webapps/manager
12-May-2016 02:48:55.627 INFO [localhost-startStop-1] org.apache.catalina.startup.HostConfig.deployDirectory Deployment of web application directory /Users/apple/Desktop/Ponisha/apache-tomcat-8.0.33/webapps/manager has finished in 52 ms
12-May-2016 02:48:55.628 INFO [localhost-startStop-1] org.apache.catalina.startup.HostConfig.deployDirectory Deploying web application directory /Users/apple/Desktop/Ponisha/apache-tomcat-8.0.33/webapps/ROOT
12-May-2016 02:48:55.715 INFO [localhost-startStop-1] org.apache.catalina.startup.HostConfig.deployDirectory Deployment of web application directory /Users/apple/Desktop/Ponisha/apache-tomcat-8.0.33/webapps/ROOT has finished in 87 ms
12-May-2016 02:48:55.725 INFO [main] org.apache.coyote.AbstractProtocol.start Starting ProtocolHandler ["http-nio-8080"]
12-May-2016 02:48:55.737 INFO [main] org.apache.coyote.AbstractProtocol.start Starting ProtocolHandler ["ajp-nio-8009"]
12-May-2016 02:48:55.739 INFO [main] org.apache.catalina.startup.Catalina.start Server startup in 1481 ms
12-May-2016 02:48:56.969 INFO [http-nio-8080-exec-2] org.apache.catalina.startup.HostConfig.undeploy Undeploying context [/JspMavenProject]
12-May-2016 02:48:57.030 INFO [http-nio-8080-exec-4] org.apache.catalina.startup.HostConfig.deployDescriptor Deploying configuration descriptor /Users/apple/Desktop/Ponisha/apache-tomcat-8.0.33/conf/Catalina/localhost/JspMavenProject.xml
12-May-2016 02:48:57.042 WARNING [http-nio-8080-exec-4] org.apache.catalina.startup.SetContextPropertiesRule.begin [SetContextPropertiesRule]{Context} Setting property 'antiJARLocking' to 'true' did not find a matching property.
12-May-2016 02:48:57.091 INFO [http-nio-8080-exec-4] org.apache.catalina.startup.HostConfig.deployDescriptor Deployment of configuration descriptor /Users/apple/Desktop/Ponisha/apache-tomcat-8.0.33/conf/Catalina/localhost/JspMavenProject.xml has finished in 60 ms
12-May-2016 02:48:57.127 INFO [http-nio-8080-exec-3] org.apache.catalina.util.LifecycleBase.start The start() method was called on component [StandardEngine[Catalina].StandardHost[localhost].StandardContext[/JspMavenProject]] after start() had already been called. The second call will be ignored.
12-May-2016 02:49:43.472 INFO [http-nio-8080-exec-13] org.apache.catalina.startup.HostConfig.undeploy Undeploying context [/JspMavenProject]
12-May-2016 02:49:43.498 INFO [http-nio-8080-exec-1] org.apache.catalina.startup.HostConfig.deployDescriptor Deploying configuration descriptor /Users/apple/Desktop/Ponisha/apache-tomcat-8.0.33/conf/Catalina/localhost/JspMavenProject.xml
12-May-2016 02:49:43.504 WARNING [http-nio-8080-exec-1] org.apache.catalina.startup.SetContextPropertiesRule.begin [SetContextPropertiesRule]{Context} Setting property 'antiJARLocking' to 'true' did not find a matching property.
12-May-2016 02:49:43.520 INFO [http-nio-8080-exec-1] org.apache.catalina.startup.HostConfig.deployDescriptor Deployment of configuration descriptor /Users/apple/Desktop/Ponisha/apache-tomcat-8.0.33/conf/Catalina/localhost/JspMavenProject.xml has finished in 23 ms
12-May-2016 02:49:43.536 INFO [http-nio-8080-exec-8] org.apache.catalina.util.LifecycleBase.start The start() method was called on component [StandardEngine[Catalina].StandardHost[localhost].StandardContext[/JspMavenProject]] after start() had already been called. The second call will be ignored.
12-May-2016 02:49:56.726 INFO [main] org.apache.catalina.core.StandardServer.await A valid shutdown command was received via the shutdown port. Stopping the Server instance.
12-May-2016 02:49:56.727 INFO [main] org.apache.coyote.AbstractProtocol.pause Pausing ProtocolHandler ["http-nio-8080"]
12-May-2016 02:49:56.785 INFO [main] org.apache.coyote.AbstractProtocol.pause Pausing ProtocolHandler ["ajp-nio-8009"]
12-May-2016 02:49:56.837 INFO [main] org.apache.catalina.core.StandardService.stopInternal Stopping service Catalina
12-May-2016 02:49:56.859 INFO [main] org.apache.coyote.AbstractProtocol.stop Stopping ProtocolHandler ["http-nio-8080"]
12-May-2016 02:49:56.861 INFO [main] org.apache.coyote.AbstractProtocol.stop Stopping ProtocolHandler ["ajp-nio-8009"]
12-May-2016 02:49:56.862 INFO [main] org.apache.coyote.AbstractProtocol.destroy Destroying ProtocolHandler ["http-nio-8080"]
12-May-2016 02:49:56.863 INFO [main] org.apache.coyote.AbstractProtocol.destroy Destroying ProtocolHandler ["ajp-nio-8009"]
12-May-2016 02:50:02.936 INFO [main] org.apache.catalina.startup.VersionLoggerListener.log Server version:        Apache Tomcat/8.0.33
12-May-2016 02:50:02.939 INFO [main] org.apache.catalina.startup.VersionLoggerListener.log Server built:          Mar 18 2016 20:31:49 UTC
12-May-2016 02:50:02.940 INFO [main] org.apache.catalina.startup.VersionLoggerListener.log Server number:         8.0.33.0
12-May-2016 02:50:02.940 INFO [main] org.apache.catalina.startup.VersionLoggerListener.log OS Name:               Mac OS X
12-May-2016 02:50:02.940 INFO [main] org.apache.catalina.startup.VersionLoggerListener.log OS Version:            10.11.4
12-May-2016 02:50:02.940 INFO [main] org.apache.catalina.startup.VersionLoggerListener.log Architecture:          x86_64
12-May-2016 02:50:02.940 INFO [main] org.apache.catalina.startup.VersionLoggerListener.log Java Home:             /Library/Java/JavaVirtualMachines/jdk1.8.0_91.jdk/Contents/Home/jre
12-May-2016 02:50:02.940 INFO [main] org.apache.catalina.startup.VersionLoggerListener.log JVM Version:           1.8.0_91-b14
12-May-2016 02:50:02.940 INFO [main] org.apache.catalina.startup.VersionLoggerListener.log JVM Vendor:            Oracle Corporation
12-May-2016 02:50:02.941 INFO [main] org.apache.catalina.startup.VersionLoggerListener.log CATALINA_BASE:         /Users/apple/Desktop/Ponisha/apache-tomcat-8.0.33
12-May-2016 02:50:02.941 INFO [main] org.apache.catalina.startup.VersionLoggerListener.log CATALINA_HOME:         /Users/apple/Desktop/Ponisha/apache-tomcat-8.0.33
12-May-2016 02:50:02.942 INFO [main] org.apache.catalina.startup.VersionLoggerListener.log Command line argument: -Djava.util.logging.config.file=/Users/apple/Desktop/Ponisha/apache-tomcat-8.0.33/conf/logging.properties
12-May-2016 02:50:02.942 INFO [main] org.apache.catalina.startup.VersionLoggerListener.log Command line argument: -Djava.util.logging.manager=org.apache.juli.ClassLoaderLogManager
12-May-2016 02:50:02.942 INFO [main] org.apache.catalina.startup.VersionLoggerListener.log Command line argument: -Dhttp.nonProxyHosts=localhost|127.0.0.1|apples-MacBook-Pro.local
12-May-2016 02:50:02.942 INFO [main] org.apache.catalina.startup.VersionLoggerListener.log Command line argument: -agentlib:jdwp=transport=dt_socket,address=11550,server=y,suspend=n
12-May-2016 02:50:02.943 INFO [main] org.apache.catalina.startup.VersionLoggerListener.log Command line argument: -Djava.endorsed.dirs=/Users/apple/Desktop/Ponisha/apache-tomcat-8.0.33/endorsed
12-May-2016 02:50:02.943 INFO [main] org.apache.catalina.startup.VersionLoggerListener.log Command line argument: -Dcatalina.base=/Users/apple/Desktop/Ponisha/apache-tomcat-8.0.33
12-May-2016 02:50:02.943 INFO [main] org.apache.catalina.startup.VersionLoggerListener.log Command line argument: -Dcatalina.home=/Users/apple/Desktop/Ponisha/apache-tomcat-8.0.33
12-May-2016 02:50:02.943 INFO [main] org.apache.catalina.startup.VersionLoggerListener.log Command line argument: -Djava.io.tmpdir=/Users/apple/Desktop/Ponisha/apache-tomcat-8.0.33/temp
12-May-2016 02:50:02.943 INFO [main] org.apache.catalina.core.AprLifecycleListener.lifecycleEvent The APR based Apache Tomcat Native library which allows optimal performance in production environments was not found on the java.library.path: /Users/apple/Library/Java/Extensions:/Library/Java/Extensions:/Network/Library/Java/Extensions:/System/Library/Java/Extensions:/usr/lib/java:.
12-May-2016 02:50:03.214 INFO [main] org.apache.coyote.AbstractProtocol.init Initializing ProtocolHandler ["http-nio-8080"]
12-May-2016 02:50:03.258 INFO [main] org.apache.tomcat.util.net.NioSelectorPool.getSharedSelector Using a shared selector for servlet write/read
12-May-2016 02:50:03.264 INFO [main] org.apache.coyote.AbstractProtocol.init Initializing ProtocolHandler ["ajp-nio-8009"]
12-May-2016 02:50:03.267 INFO [main] org.apache.tomcat.util.net.NioSelectorPool.getSharedSelector Using a shared selector for servlet write/read
12-May-2016 02:50:03.268 INFO [main] org.apache.catalina.startup.Catalina.load Initialization processed in 1158 ms
12-May-2016 02:50:03.335 INFO [main] org.apache.catalina.core.StandardService.startInternal Starting service Catalina
12-May-2016 02:50:03.336 INFO [main] org.apache.catalina.core.StandardEngine.startInternal Starting Servlet Engine: Apache Tomcat/8.0.33
12-May-2016 02:50:03.355 INFO [localhost-startStop-1] org.apache.catalina.startup.HostConfig.deployDescriptor Deploying configuration descriptor /Users/apple/Desktop/Ponisha/apache-tomcat-8.0.33/conf/Catalina/localhost/FakePonisha.xml
12-May-2016 02:50:03.462 WARNING [localhost-startStop-1] org.apache.catalina.startup.SetContextPropertiesRule.begin [SetContextPropertiesRule]{Context} Setting property 'antiJARLocking' to 'true' did not find a matching property.
12-May-2016 02:50:04.045 INFO [localhost-startStop-1] org.apache.catalina.startup.HostConfig.deployDescriptor Deployment of configuration descriptor /Users/apple/Desktop/Ponisha/apache-tomcat-8.0.33/conf/Catalina/localhost/FakePonisha.xml has finished in 689 ms
12-May-2016 02:50:04.047 INFO [localhost-startStop-1] org.apache.catalina.startup.HostConfig.deployDescriptor Deploying configuration descriptor /Users/apple/Desktop/Ponisha/apache-tomcat-8.0.33/conf/Catalina/localhost/JspMavenProject.xml
12-May-2016 02:50:04.057 WARNING [localhost-startStop-1] org.apache.catalina.startup.SetContextPropertiesRule.begin [SetContextPropertiesRule]{Context} Setting property 'antiJARLocking' to 'true' did not find a matching property.
12-May-2016 02:50:04.087 INFO [localhost-startStop-1] org.apache.catalina.startup.HostConfig.deployDescriptor Deployment of configuration descriptor /Users/apple/Desktop/Ponisha/apache-tomcat-8.0.33/conf/Catalina/localhost/JspMavenProject.xml has finished in 39 ms
12-May-2016 02:50:04.089 INFO [localhost-startStop-1] org.apache.catalina.startup.HostConfig.deployDirectory Deploying web application directory /Users/apple/Desktop/Ponisha/apache-tomcat-8.0.33/webapps/docs
12-May-2016 02:50:04.168 INFO [localhost-startStop-1] org.apache.catalina.startup.HostConfig.deployDirectory Deployment of web application directory /Users/apple/Desktop/Ponisha/apache-tomcat-8.0.33/webapps/docs has finished in 78 ms
12-May-2016 02:50:04.170 INFO [localhost-startStop-1] org.apache.catalina.startup.HostConfig.deployDirectory Deploying web application directory /Users/apple/Desktop/Ponisha/apache-tomcat-8.0.33/webapps/examples
12-May-2016 02:50:04.855 INFO [localhost-startStop-1] org.apache.catalina.startup.HostConfig.deployDirectory Deployment of web application directory /Users/apple/Desktop/Ponisha/apache-tomcat-8.0.33/webapps/examples has finished in 685 ms
12-May-2016 02:50:04.855 INFO [localhost-startStop-1] org.apache.catalina.startup.HostConfig.deployDirectory Deploying web application directory /Users/apple/Desktop/Ponisha/apache-tomcat-8.0.33/webapps/host-manager
12-May-2016 02:50:04.893 INFO [localhost-startStop-1] org.apache.catalina.startup.HostConfig.deployDirectory Deployment of web application directory /Users/apple/Desktop/Ponisha/apache-tomcat-8.0.33/webapps/host-manager has finished in 38 ms
12-May-2016 02:50:04.893 INFO [localhost-startStop-1] org.apache.catalina.startup.HostConfig.deployDirectory Deploying web application directory /Users/apple/Desktop/Ponisha/apache-tomcat-8.0.33/webapps/manager
12-May-2016 02:50:04.936 INFO [localhost-startStop-1] org.apache.catalina.startup.HostConfig.deployDirectory Deployment of web application directory /Users/apple/Desktop/Ponisha/apache-tomcat-8.0.33/webapps/manager has finished in 43 ms
12-May-2016 02:50:04.937 INFO [localhost-startStop-1] org.apache.catalina.startup.HostConfig.deployDirectory Deploying web application directory /Users/apple/Desktop/Ponisha/apache-tomcat-8.0.33/webapps/ROOT
12-May-2016 02:50:04.999 INFO [localhost-startStop-1] org.apache.catalina.startup.HostConfig.deployDirectory Deployment of web application directory /Users/apple/Desktop/Ponisha/apache-tomcat-8.0.33/webapps/ROOT has finished in 62 ms
12-May-2016 02:50:05.005 INFO [main] org.apache.coyote.AbstractProtocol.start Starting ProtocolHandler ["http-nio-8080"]
12-May-2016 02:50:05.021 INFO [main] org.apache.coyote.AbstractProtocol.start Starting ProtocolHandler ["ajp-nio-8009"]
12-May-2016 02:50:05.023 INFO [main] org.apache.catalina.startup.Catalina.start Server startup in 1755 ms
12-May-2016 02:50:05.586 INFO [http-nio-8080-exec-3] org.apache.coyote.http11.AbstractHttp11Processor.process Error parsing HTTP request header
 Note: further occurrences of HTTP header parsing errors will be logged at DEBUG level.
 java.lang.IllegalArgumentException: Invalid character (CR or LF) found in method name
	at org.apache.coyote.http11.AbstractNioInputBuffer.parseRequestLine(AbstractNioInputBuffer.java:228)
	at org.apache.coyote.http11.AbstractHttp11Processor.process(AbstractHttp11Processor.java:1009)
	at org.apache.coyote.AbstractProtocol$AbstractConnectionHandler.process(AbstractProtocol.java:672)
	at org.apache.tomcat.util.net.NioEndpoint$SocketProcessor.doRun(NioEndpoint.java:1502)
	at org.apache.tomcat.util.net.NioEndpoint$SocketProcessor.run(NioEndpoint.java:1458)
	at java.util.concurrent.ThreadPoolExecutor.runWorker(ThreadPoolExecutor.java:1142)
	at java.util.concurrent.ThreadPoolExecutor$Worker.run(ThreadPoolExecutor.java:617)
	at org.apache.tomcat.util.threads.TaskThread$WrappingRunnable.run(TaskThread.java:61)
	at java.lang.Thread.run(Thread.java:745)

12-May-2016 02:50:07.048 INFO [http-nio-8080-exec-6] org.apache.catalina.startup.HostConfig.undeploy Undeploying context [/JspMavenProject]
12-May-2016 02:50:07.087 INFO [http-nio-8080-exec-3] org.apache.catalina.startup.HostConfig.deployDescriptor Deploying configuration descriptor /Users/apple/Desktop/Ponisha/apache-tomcat-8.0.33/conf/Catalina/localhost/JspMavenProject.xml
12-May-2016 02:50:07.091 WARNING [http-nio-8080-exec-3] org.apache.catalina.startup.SetContextPropertiesRule.begin [SetContextPropertiesRule]{Context} Setting property 'antiJARLocking' to 'true' did not find a matching property.
12-May-2016 02:50:07.114 INFO [http-nio-8080-exec-3] org.apache.catalina.startup.HostConfig.deployDescriptor Deployment of configuration descriptor /Users/apple/Desktop/Ponisha/apache-tomcat-8.0.33/conf/Catalina/localhost/JspMavenProject.xml has finished in 28 ms
12-May-2016 02:50:07.137 INFO [http-nio-8080-exec-2] org.apache.catalina.util.LifecycleBase.start The start() method was called on component [StandardEngine[Catalina].StandardHost[localhost].StandardContext[/JspMavenProject]] after start() had already been called. The second call will be ignored.
12-May-2016 02:55:02.899 INFO [http-nio-8080-exec-15] org.apache.catalina.startup.HostConfig.undeploy Undeploying context [/JspMavenProject]
12-May-2016 02:55:02.953 INFO [http-nio-8080-exec-20] org.apache.catalina.startup.HostConfig.deployDescriptor Deploying configuration descriptor /Users/apple/Desktop/Ponisha/apache-tomcat-8.0.33/conf/Catalina/localhost/JspMavenProject.xml
12-May-2016 02:55:02.970 WARNING [http-nio-8080-exec-20] org.apache.catalina.startup.SetContextPropertiesRule.begin [SetContextPropertiesRule]{Context} Setting property 'antiJARLocking' to 'true' did not find a matching property.
12-May-2016 02:55:03.012 INFO [http-nio-8080-exec-20] org.apache.catalina.startup.HostConfig.deployDescriptor Deployment of configuration descriptor /Users/apple/Desktop/Ponisha/apache-tomcat-8.0.33/conf/Catalina/localhost/JspMavenProject.xml has finished in 60 ms
12-May-2016 02:55:03.039 INFO [http-nio-8080-exec-14] org.apache.catalina.util.LifecycleBase.start The start() method was called on component [StandardEngine[Catalina].StandardHost[localhost].StandardContext[/JspMavenProject]] after start() had already been called. The second call will be ignored.
12-May-2016 02:55:39.021 INFO [http-nio-8080-exec-24] org.apache.catalina.startup.HostConfig.undeploy Undeploying context [/JspMavenProject]
12-May-2016 02:55:39.074 INFO [http-nio-8080-exec-18] org.apache.catalina.startup.HostConfig.deployDescriptor Deploying configuration descriptor /Users/apple/Desktop/Ponisha/apache-tomcat-8.0.33/conf/Catalina/localhost/JspMavenProject.xml
12-May-2016 02:55:39.084 WARNING [http-nio-8080-exec-18] org.apache.catalina.startup.SetContextPropertiesRule.begin [SetContextPropertiesRule]{Context} Setting property 'antiJARLocking' to 'true' did not find a matching property.
12-May-2016 02:55:39.112 INFO [http-nio-8080-exec-18] org.apache.catalina.startup.HostConfig.deployDescriptor Deployment of configuration descriptor /Users/apple/Desktop/Ponisha/apache-tomcat-8.0.33/conf/Catalina/localhost/JspMavenProject.xml has finished in 37 ms
12-May-2016 02:55:39.137 INFO [http-nio-8080-exec-20] org.apache.catalina.util.LifecycleBase.start The start() method was called on component [StandardEngine[Catalina].StandardHost[localhost].StandardContext[/JspMavenProject]] after start() had already been called. The second call will be ignored.
12-May-2016 02:59:08.585 INFO [http-nio-8080-exec-25] org.apache.catalina.startup.HostConfig.undeploy Undeploying context [/JspMavenProject]
12-May-2016 02:59:08.642 INFO [http-nio-8080-exec-11] org.apache.catalina.startup.HostConfig.deployDescriptor Deploying configuration descriptor /Users/apple/Desktop/Ponisha/apache-tomcat-8.0.33/conf/Catalina/localhost/JspMavenProject.xml
12-May-2016 02:59:08.649 WARNING [http-nio-8080-exec-11] org.apache.catalina.startup.SetContextPropertiesRule.begin [SetContextPropertiesRule]{Context} Setting property 'antiJARLocking' to 'true' did not find a matching property.
12-May-2016 02:59:08.677 INFO [http-nio-8080-exec-11] org.apache.catalina.startup.HostConfig.deployDescriptor Deployment of configuration descriptor /Users/apple/Desktop/Ponisha/apache-tomcat-8.0.33/conf/Catalina/localhost/JspMavenProject.xml has finished in 35 ms
12-May-2016 02:59:08.708 INFO [http-nio-8080-exec-23] org.apache.catalina.util.LifecycleBase.start The start() method was called on component [StandardEngine[Catalina].StandardHost[localhost].StandardContext[/JspMavenProject]] after start() had already been called. The second call will be ignored.
12-May-2016 02:59:59.165 INFO [http-nio-8080-exec-32] org.apache.catalina.startup.HostConfig.undeploy Undeploying context [/JspMavenProject]
12-May-2016 02:59:59.201 INFO [http-nio-8080-exec-27] org.apache.catalina.startup.HostConfig.deployDescriptor Deploying configuration descriptor /Users/apple/Desktop/Ponisha/apache-tomcat-8.0.33/conf/Catalina/localhost/JspMavenProject.xml
12-May-2016 02:59:59.205 WARNING [http-nio-8080-exec-27] org.apache.catalina.startup.SetContextPropertiesRule.begin [SetContextPropertiesRule]{Context} Setting property 'antiJARLocking' to 'true' did not find a matching property.
12-May-2016 02:59:59.231 INFO [http-nio-8080-exec-27] org.apache.catalina.startup.HostConfig.deployDescriptor Deployment of configuration descriptor /Users/apple/Desktop/Ponisha/apache-tomcat-8.0.33/conf/Catalina/localhost/JspMavenProject.xml has finished in 31 ms
12-May-2016 02:59:59.261 INFO [http-nio-8080-exec-18] org.apache.catalina.util.LifecycleBase.start The start() method was called on component [StandardEngine[Catalina].StandardHost[localhost].StandardContext[/JspMavenProject]] after start() had already been called. The second call will be ignored.
12-May-2016 03:03:53.853 INFO [http-nio-8080-exec-40] org.apache.catalina.core.StandardContext.reload Reloading Context with name [/JspMavenProject] has started
12-May-2016 03:03:53.873 INFO [http-nio-8080-exec-40] org.apache.catalina.core.StandardContext.reload Reloading Context with name [/JspMavenProject] is completed
12-May-2016 03:06:15.959 INFO [http-nio-8080-exec-44] org.apache.catalina.core.StandardContext.reload Reloading Context with name [/JspMavenProject] has started
12-May-2016 03:06:15.988 INFO [http-nio-8080-exec-44] org.apache.catalina.core.StandardContext.reload Reloading Context with name [/JspMavenProject] is completed
12-May-2016 03:06:16.448 INFO [http-nio-8080-exec-37] org.apache.catalina.core.StandardContext.reload Reloading Context with name [/JspMavenProject] has started
12-May-2016 03:06:16.529 INFO [http-nio-8080-exec-37] org.apache.catalina.core.StandardContext.reload Reloading Context with name [/JspMavenProject] is completed
12-May-2016 03:06:55.392 INFO [http-nio-8080-exec-38] org.apache.catalina.core.StandardContext.reload Reloading Context with name [/JspMavenProject] has started
12-May-2016 03:06:55.426 INFO [http-nio-8080-exec-38] org.apache.catalina.core.StandardContext.reload Reloading Context with name [/JspMavenProject] is completed
12-May-2016 03:06:58.599 INFO [http-nio-8080-exec-48] org.apache.catalina.startup.HostConfig.undeploy Undeploying context [/JspMavenProject]
12-May-2016 03:06:58.646 INFO [http-nio-8080-exec-47] org.apache.catalina.startup.HostConfig.deployDescriptor Deploying configuration descriptor /Users/apple/Desktop/Ponisha/apache-tomcat-8.0.33/conf/Catalina/localhost/JspMavenProject.xml
12-May-2016 03:06:58.651 WARNING [http-nio-8080-exec-47] org.apache.catalina.startup.SetContextPropertiesRule.begin [SetContextPropertiesRule]{Context} Setting property 'antiJARLocking' to 'true' did not find a matching property.
12-May-2016 03:06:58.685 INFO [http-nio-8080-exec-47] org.apache.catalina.startup.HostConfig.deployDescriptor Deployment of configuration descriptor /Users/apple/Desktop/Ponisha/apache-tomcat-8.0.33/conf/Catalina/localhost/JspMavenProject.xml has finished in 38 ms
12-May-2016 03:06:58.719 INFO [http-nio-8080-exec-36] org.apache.catalina.util.LifecycleBase.start The start() method was called on component [StandardEngine[Catalina].StandardHost[localhost].StandardContext[/JspMavenProject]] after start() had already been called. The second call will be ignored.
12-May-2016 03:07:15.310 INFO [http-nio-8080-exec-36] org.apache.catalina.startup.HostConfig.undeploy Undeploying context [/JspMavenProject]
12-May-2016 13:42:20.708 INFO [main] org.apache.catalina.core.StandardServer.await A valid shutdown command was received via the shutdown port. Stopping the Server instance.
12-May-2016 13:42:20.712 INFO [main] org.apache.coyote.AbstractProtocol.pause Pausing ProtocolHandler ["http-nio-8080"]
12-May-2016 13:42:20.766 INFO [main] org.apache.coyote.AbstractProtocol.pause Pausing ProtocolHandler ["ajp-nio-8009"]
12-May-2016 13:42:20.818 INFO [main] org.apache.catalina.core.StandardService.stopInternal Stopping service Catalina
12-May-2016 13:42:20.843 INFO [main] org.apache.coyote.AbstractProtocol.stop Stopping ProtocolHandler ["http-nio-8080"]
12-May-2016 13:42:20.846 INFO [main] org.apache.coyote.AbstractProtocol.stop Stopping ProtocolHandler ["ajp-nio-8009"]
12-May-2016 13:42:20.847 INFO [main] org.apache.coyote.AbstractProtocol.destroy Destroying ProtocolHandler ["http-nio-8080"]
12-May-2016 13:42:20.847 INFO [main] org.apache.coyote.AbstractProtocol.destroy Destroying ProtocolHandler ["ajp-nio-8009"]
