15-May-2016 00:19:08.127 INFO [main] org.apache.catalina.startup.VersionLoggerListener.log Server version:        Apache Tomcat/8.0.33
15-May-2016 00:19:08.129 INFO [main] org.apache.catalina.startup.VersionLoggerListener.log Server built:          Mar 18 2016 20:31:49 UTC
15-May-2016 00:19:08.129 INFO [main] org.apache.catalina.startup.VersionLoggerListener.log Server number:         8.0.33.0
15-May-2016 00:19:08.130 INFO [main] org.apache.catalina.startup.VersionLoggerListener.log OS Name:               Mac OS X
15-May-2016 00:19:08.130 INFO [main] org.apache.catalina.startup.VersionLoggerListener.log OS Version:            10.11.4
15-May-2016 00:19:08.130 INFO [main] org.apache.catalina.startup.VersionLoggerListener.log Architecture:          x86_64
15-May-2016 00:19:08.130 INFO [main] org.apache.catalina.startup.VersionLoggerListener.log Java Home:             /Library/Java/JavaVirtualMachines/jdk1.8.0_91.jdk/Contents/Home/jre
15-May-2016 00:19:08.130 INFO [main] org.apache.catalina.startup.VersionLoggerListener.log JVM Version:           1.8.0_91-b14
15-May-2016 00:19:08.130 INFO [main] org.apache.catalina.startup.VersionLoggerListener.log JVM Vendor:            Oracle Corporation
15-May-2016 00:19:08.130 INFO [main] org.apache.catalina.startup.VersionLoggerListener.log CATALINA_BASE:         /Users/apple/Desktop/Ponisha/apache-tomcat-8.0.33
15-May-2016 00:19:08.131 INFO [main] org.apache.catalina.startup.VersionLoggerListener.log CATALINA_HOME:         /Users/apple/Desktop/Ponisha/apache-tomcat-8.0.33
15-May-2016 00:19:08.133 INFO [main] org.apache.catalina.startup.VersionLoggerListener.log Command line argument: -Djava.util.logging.config.file=/Users/apple/Desktop/Ponisha/apache-tomcat-8.0.33/conf/logging.properties
15-May-2016 00:19:08.136 INFO [main] org.apache.catalina.startup.VersionLoggerListener.log Command line argument: -Djava.util.logging.manager=org.apache.juli.ClassLoaderLogManager
15-May-2016 00:19:08.136 INFO [main] org.apache.catalina.startup.VersionLoggerListener.log Command line argument: -Dhttp.nonProxyHosts=localhost|127.0.0.1|apples-MacBook-Pro.local
15-May-2016 00:19:08.137 INFO [main] org.apache.catalina.startup.VersionLoggerListener.log Command line argument: -Djava.endorsed.dirs=/Users/apple/Desktop/Ponisha/apache-tomcat-8.0.33/endorsed
15-May-2016 00:19:08.139 INFO [main] org.apache.catalina.startup.VersionLoggerListener.log Command line argument: -Dcatalina.base=/Users/apple/Desktop/Ponisha/apache-tomcat-8.0.33
15-May-2016 00:19:08.143 INFO [main] org.apache.catalina.startup.VersionLoggerListener.log Command line argument: -Dcatalina.home=/Users/apple/Desktop/Ponisha/apache-tomcat-8.0.33
15-May-2016 00:19:08.145 INFO [main] org.apache.catalina.startup.VersionLoggerListener.log Command line argument: -Djava.io.tmpdir=/Users/apple/Desktop/Ponisha/apache-tomcat-8.0.33/temp
15-May-2016 00:19:08.145 INFO [main] org.apache.catalina.core.AprLifecycleListener.lifecycleEvent The APR based Apache Tomcat Native library which allows optimal performance in production environments was not found on the java.library.path: /Users/apple/Library/Java/Extensions:/Library/Java/Extensions:/Network/Library/Java/Extensions:/System/Library/Java/Extensions:/usr/lib/java:.
15-May-2016 00:19:08.569 INFO [main] org.apache.coyote.AbstractProtocol.init Initializing ProtocolHandler ["http-nio-8080"]
15-May-2016 00:19:08.641 INFO [main] org.apache.tomcat.util.net.NioSelectorPool.getSharedSelector Using a shared selector for servlet write/read
15-May-2016 00:19:08.645 INFO [main] org.apache.coyote.AbstractProtocol.init Initializing ProtocolHandler ["ajp-nio-8009"]
15-May-2016 00:19:08.655 INFO [main] org.apache.tomcat.util.net.NioSelectorPool.getSharedSelector Using a shared selector for servlet write/read
15-May-2016 00:19:08.656 INFO [main] org.apache.catalina.startup.Catalina.load Initialization processed in 1739 ms
15-May-2016 00:19:08.761 INFO [main] org.apache.catalina.core.StandardService.startInternal Starting service Catalina
15-May-2016 00:19:08.762 INFO [main] org.apache.catalina.core.StandardEngine.startInternal Starting Servlet Engine: Apache Tomcat/8.0.33
15-May-2016 00:19:08.779 INFO [localhost-startStop-1] org.apache.catalina.startup.HostConfig.deployDescriptor Deploying configuration descriptor /Users/apple/Desktop/Ponisha/apache-tomcat-8.0.33/conf/Catalina/localhost/FakePonisha.xml
15-May-2016 00:19:08.889 WARNING [localhost-startStop-1] org.apache.catalina.startup.SetContextPropertiesRule.begin [SetContextPropertiesRule]{Context} Setting property 'antiJARLocking' to 'true' did not find a matching property.
15-May-2016 00:19:10.765 INFO [localhost-startStop-1] org.apache.jasper.servlet.TldScanner.scanJars At least one JAR was scanned for TLDs yet contained no TLDs. Enable debug logging for this logger for a complete list of JARs that were scanned but no TLDs were found in them. Skipping unneeded JARs during scanning can improve startup time and JSP compilation time.
15-May-2016 00:19:11.027 INFO [localhost-startStop-1] org.apache.catalina.startup.HostConfig.deployDescriptor Deployment of configuration descriptor /Users/apple/Desktop/Ponisha/apache-tomcat-8.0.33/conf/Catalina/localhost/FakePonisha.xml has finished in 2,247 ms
15-May-2016 00:19:11.027 INFO [localhost-startStop-1] org.apache.catalina.startup.HostConfig.deployDescriptor Deploying configuration descriptor /Users/apple/Desktop/Ponisha/apache-tomcat-8.0.33/conf/Catalina/localhost/SqlTestMaven2.xml
15-May-2016 00:19:11.034 WARNING [localhost-startStop-1] org.apache.catalina.startup.SetContextPropertiesRule.begin [SetContextPropertiesRule]{Context} Setting property 'antiJARLocking' to 'true' did not find a matching property.
15-May-2016 00:19:12.112 INFO [localhost-startStop-1] org.apache.jasper.servlet.TldScanner.scanJars At least one JAR was scanned for TLDs yet contained no TLDs. Enable debug logging for this logger for a complete list of JARs that were scanned but no TLDs were found in them. Skipping unneeded JARs during scanning can improve startup time and JSP compilation time.
15-May-2016 00:19:12.125 INFO [localhost-startStop-1] org.apache.catalina.startup.HostConfig.deployDescriptor Deployment of configuration descriptor /Users/apple/Desktop/Ponisha/apache-tomcat-8.0.33/conf/Catalina/localhost/SqlTestMaven2.xml has finished in 1,098 ms
15-May-2016 00:19:12.125 INFO [localhost-startStop-1] org.apache.catalina.startup.HostConfig.deployDescriptor Deploying configuration descriptor /Users/apple/Desktop/Ponisha/apache-tomcat-8.0.33/conf/Catalina/localhost/TestSimpleSql2.xml
15-May-2016 00:19:12.134 WARNING [localhost-startStop-1] org.apache.catalina.startup.SetContextPropertiesRule.begin [SetContextPropertiesRule]{Context} Setting property 'antiJARLocking' to 'true' did not find a matching property.
15-May-2016 00:19:12.173 SEVERE [localhost-startStop-1] org.apache.tomcat.util.digester.Digester.fatalError Parse Fatal Error at line 2 column 6: The processing instruction target matching "[xX][mM][lL]" is not allowed.
 org.xml.sax.SAXParseException; systemId: file:/Users/apple/Desktop/Ponisha/Source%20Code/TestSimpleSql2/target/TestSimpleSql2-1.0-SNAPSHOT/WEB-INF/web.xml; lineNumber: 2; columnNumber: 6; The processing instruction target matching "[xX][mM][lL]" is not allowed.
	at com.sun.org.apache.xerces.internal.util.ErrorHandlerWrapper.createSAXParseException(ErrorHandlerWrapper.java:203)
	at com.sun.org.apache.xerces.internal.util.ErrorHandlerWrapper.fatalError(ErrorHandlerWrapper.java:177)
	at com.sun.org.apache.xerces.internal.impl.XMLErrorReporter.reportError(XMLErrorReporter.java:400)
	at com.sun.org.apache.xerces.internal.impl.XMLErrorReporter.reportError(XMLErrorReporter.java:327)
	at com.sun.org.apache.xerces.internal.impl.XMLScanner.reportFatalError(XMLScanner.java:1438)
	at com.sun.org.apache.xerces.internal.impl.XMLScanner.scanPIData(XMLScanner.java:723)
	at com.sun.org.apache.xerces.internal.impl.XMLDocumentFragmentScannerImpl.scanPIData(XMLDocumentFragmentScannerImpl.java:1019)
	at com.sun.org.apache.xerces.internal.impl.XMLScanner.scanPI(XMLScanner.java:691)
	at com.sun.org.apache.xerces.internal.impl.XMLDocumentScannerImpl$PrologDriver.next(XMLDocumentScannerImpl.java:912)
	at com.sun.org.apache.xerces.internal.impl.XMLDocumentScannerImpl.next(XMLDocumentScannerImpl.java:606)
	at com.sun.org.apache.xerces.internal.impl.XMLDocumentFragmentScannerImpl.scanDocument(XMLDocumentFragmentScannerImpl.java:510)
	at com.sun.org.apache.xerces.internal.parsers.XML11Configuration.parse(XML11Configuration.java:848)
	at com.sun.org.apache.xerces.internal.parsers.XML11Configuration.parse(XML11Configuration.java:777)
	at com.sun.org.apache.xerces.internal.parsers.XMLParser.parse(XMLParser.java:141)
	at com.sun.org.apache.xerces.internal.parsers.AbstractSAXParser.parse(AbstractSAXParser.java:1213)
	at com.sun.org.apache.xerces.internal.jaxp.SAXParserImpl$JAXPSAXParser.parse(SAXParserImpl.java:643)
	at org.apache.tomcat.util.digester.Digester.parse(Digester.java:1451)
	at org.apache.tomcat.util.descriptor.web.WebXmlParser.parseWebXml(WebXmlParser.java:120)
	at org.apache.catalina.startup.ContextConfig.webConfig(ContextConfig.java:1115)
	at org.apache.catalina.startup.ContextConfig.configureStart(ContextConfig.java:779)
	at org.apache.catalina.startup.ContextConfig.lifecycleEvent(ContextConfig.java:306)
	at org.apache.catalina.util.LifecycleSupport.fireLifecycleEvent(LifecycleSupport.java:95)
	at org.apache.catalina.util.LifecycleBase.fireLifecycleEvent(LifecycleBase.java:90)
	at org.apache.catalina.core.StandardContext.startInternal(StandardContext.java:5150)
	at org.apache.catalina.util.LifecycleBase.start(LifecycleBase.java:147)
	at org.apache.catalina.core.ContainerBase.addChildInternal(ContainerBase.java:725)
	at org.apache.catalina.core.ContainerBase.addChild(ContainerBase.java:701)
	at org.apache.catalina.core.StandardHost.addChild(StandardHost.java:717)
	at org.apache.catalina.startup.HostConfig.deployDescriptor(HostConfig.java:587)
	at org.apache.catalina.startup.HostConfig$DeployDescriptor.run(HostConfig.java:1798)
	at java.util.concurrent.Executors$RunnableAdapter.call(Executors.java:511)
	at java.util.concurrent.FutureTask.run(FutureTask.java:266)
	at java.util.concurrent.ThreadPoolExecutor.runWorker(ThreadPoolExecutor.java:1142)
	at java.util.concurrent.ThreadPoolExecutor$Worker.run(ThreadPoolExecutor.java:617)
	at java.lang.Thread.run(Thread.java:745)

15-May-2016 00:19:12.175 SEVERE [localhost-startStop-1] org.apache.tomcat.util.descriptor.web.WebXmlParser.parseWebXml Parse error in application web.xml file at file:/Users/apple/Desktop/Ponisha/Source%20Code/TestSimpleSql2/target/TestSimpleSql2-1.0-SNAPSHOT/WEB-INF/web.xml
 org.xml.sax.SAXParseException; systemId: file:/Users/apple/Desktop/Ponisha/Source%20Code/TestSimpleSql2/target/TestSimpleSql2-1.0-SNAPSHOT/WEB-INF/web.xml; lineNumber: 2; columnNumber: 6; The processing instruction target matching "[xX][mM][lL]" is not allowed.
	at com.sun.org.apache.xerces.internal.util.ErrorHandlerWrapper.createSAXParseException(ErrorHandlerWrapper.java:203)
	at com.sun.org.apache.xerces.internal.util.ErrorHandlerWrapper.fatalError(ErrorHandlerWrapper.java:177)
	at com.sun.org.apache.xerces.internal.impl.XMLErrorReporter.reportError(XMLErrorReporter.java:400)
	at com.sun.org.apache.xerces.internal.impl.XMLErrorReporter.reportError(XMLErrorReporter.java:327)
	at com.sun.org.apache.xerces.internal.impl.XMLScanner.reportFatalError(XMLScanner.java:1438)
	at com.sun.org.apache.xerces.internal.impl.XMLScanner.scanPIData(XMLScanner.java:723)
	at com.sun.org.apache.xerces.internal.impl.XMLDocumentFragmentScannerImpl.scanPIData(XMLDocumentFragmentScannerImpl.java:1019)
	at com.sun.org.apache.xerces.internal.impl.XMLScanner.scanPI(XMLScanner.java:691)
	at com.sun.org.apache.xerces.internal.impl.XMLDocumentScannerImpl$PrologDriver.next(XMLDocumentScannerImpl.java:912)
	at com.sun.org.apache.xerces.internal.impl.XMLDocumentScannerImpl.next(XMLDocumentScannerImpl.java:606)
	at com.sun.org.apache.xerces.internal.impl.XMLDocumentFragmentScannerImpl.scanDocument(XMLDocumentFragmentScannerImpl.java:510)
	at com.sun.org.apache.xerces.internal.parsers.XML11Configuration.parse(XML11Configuration.java:848)
	at com.sun.org.apache.xerces.internal.parsers.XML11Configuration.parse(XML11Configuration.java:777)
	at com.sun.org.apache.xerces.internal.parsers.XMLParser.parse(XMLParser.java:141)
	at com.sun.org.apache.xerces.internal.parsers.AbstractSAXParser.parse(AbstractSAXParser.java:1213)
	at com.sun.org.apache.xerces.internal.jaxp.SAXParserImpl$JAXPSAXParser.parse(SAXParserImpl.java:643)
	at org.apache.tomcat.util.digester.Digester.parse(Digester.java:1451)
	at org.apache.tomcat.util.descriptor.web.WebXmlParser.parseWebXml(WebXmlParser.java:120)
	at org.apache.catalina.startup.ContextConfig.webConfig(ContextConfig.java:1115)
	at org.apache.catalina.startup.ContextConfig.configureStart(ContextConfig.java:779)
	at org.apache.catalina.startup.ContextConfig.lifecycleEvent(ContextConfig.java:306)
	at org.apache.catalina.util.LifecycleSupport.fireLifecycleEvent(LifecycleSupport.java:95)
	at org.apache.catalina.util.LifecycleBase.fireLifecycleEvent(LifecycleBase.java:90)
	at org.apache.catalina.core.StandardContext.startInternal(StandardContext.java:5150)
	at org.apache.catalina.util.LifecycleBase.start(LifecycleBase.java:147)
	at org.apache.catalina.core.ContainerBase.addChildInternal(ContainerBase.java:725)
	at org.apache.catalina.core.ContainerBase.addChild(ContainerBase.java:701)
	at org.apache.catalina.core.StandardHost.addChild(StandardHost.java:717)
	at org.apache.catalina.startup.HostConfig.deployDescriptor(HostConfig.java:587)
	at org.apache.catalina.startup.HostConfig$DeployDescriptor.run(HostConfig.java:1798)
	at java.util.concurrent.Executors$RunnableAdapter.call(Executors.java:511)
	at java.util.concurrent.FutureTask.run(FutureTask.java:266)
	at java.util.concurrent.ThreadPoolExecutor.runWorker(ThreadPoolExecutor.java:1142)
	at java.util.concurrent.ThreadPoolExecutor$Worker.run(ThreadPoolExecutor.java:617)
	at java.lang.Thread.run(Thread.java:745)

15-May-2016 00:19:12.176 SEVERE [localhost-startStop-1] org.apache.tomcat.util.descriptor.web.WebXmlParser.parseWebXml Occurred at line 2 column 6
15-May-2016 00:19:12.180 SEVERE [localhost-startStop-1] org.apache.catalina.startup.ContextConfig.configureStart Marking this application unavailable due to previous error(s)
15-May-2016 00:19:12.181 SEVERE [localhost-startStop-1] org.apache.catalina.core.StandardContext.startInternal One or more components marked the context as not correctly configured
15-May-2016 00:19:12.181 SEVERE [localhost-startStop-1] org.apache.catalina.core.StandardContext.startInternal Context [/TestSimpleSql2] startup failed due to previous errors
15-May-2016 00:19:12.200 INFO [localhost-startStop-1] org.apache.catalina.startup.HostConfig.deployDescriptor Deployment of configuration descriptor /Users/apple/Desktop/Ponisha/apache-tomcat-8.0.33/conf/Catalina/localhost/TestSimpleSql2.xml has finished in 74 ms
15-May-2016 00:19:12.203 INFO [localhost-startStop-1] org.apache.catalina.startup.HostConfig.deployDirectory Deploying web application directory /Users/apple/Desktop/Ponisha/apache-tomcat-8.0.33/webapps/docs
15-May-2016 00:19:12.286 INFO [localhost-startStop-1] org.apache.catalina.startup.HostConfig.deployDirectory Deployment of web application directory /Users/apple/Desktop/Ponisha/apache-tomcat-8.0.33/webapps/docs has finished in 83 ms
15-May-2016 00:19:12.286 INFO [localhost-startStop-1] org.apache.catalina.startup.HostConfig.deployDirectory Deploying web application directory /Users/apple/Desktop/Ponisha/apache-tomcat-8.0.33/webapps/examples
15-May-2016 00:19:12.968 INFO [localhost-startStop-1] org.apache.catalina.startup.HostConfig.deployDirectory Deployment of web application directory /Users/apple/Desktop/Ponisha/apache-tomcat-8.0.33/webapps/examples has finished in 672 ms
15-May-2016 00:19:12.968 INFO [localhost-startStop-1] org.apache.catalina.startup.HostConfig.deployDirectory Deploying web application directory /Users/apple/Desktop/Ponisha/apache-tomcat-8.0.33/webapps/host-manager
15-May-2016 00:19:13.024 INFO [localhost-startStop-1] org.apache.catalina.startup.HostConfig.deployDirectory Deployment of web application directory /Users/apple/Desktop/Ponisha/apache-tomcat-8.0.33/webapps/host-manager has finished in 56 ms
15-May-2016 00:19:13.028 INFO [localhost-startStop-1] org.apache.catalina.startup.HostConfig.deployDirectory Deploying web application directory /Users/apple/Desktop/Ponisha/apache-tomcat-8.0.33/webapps/manager
15-May-2016 00:19:13.079 INFO [localhost-startStop-1] org.apache.catalina.startup.HostConfig.deployDirectory Deployment of web application directory /Users/apple/Desktop/Ponisha/apache-tomcat-8.0.33/webapps/manager has finished in 51 ms
15-May-2016 00:19:13.080 INFO [localhost-startStop-1] org.apache.catalina.startup.HostConfig.deployDirectory Deploying web application directory /Users/apple/Desktop/Ponisha/apache-tomcat-8.0.33/webapps/ROOT
15-May-2016 00:19:13.149 INFO [localhost-startStop-1] org.apache.catalina.startup.HostConfig.deployDirectory Deployment of web application directory /Users/apple/Desktop/Ponisha/apache-tomcat-8.0.33/webapps/ROOT has finished in 69 ms
15-May-2016 00:19:13.170 INFO [main] org.apache.coyote.AbstractProtocol.start Starting ProtocolHandler ["http-nio-8080"]
15-May-2016 00:19:13.180 INFO [main] org.apache.coyote.AbstractProtocol.start Starting ProtocolHandler ["ajp-nio-8009"]
15-May-2016 00:19:13.187 INFO [main] org.apache.catalina.startup.Catalina.start Server startup in 4522 ms
15-May-2016 00:19:14.184 INFO [http-nio-8080-exec-2] org.apache.catalina.startup.HostConfig.undeploy Undeploying context [/FakePonisha]
15-May-2016 00:19:14.223 INFO [http-nio-8080-exec-1] org.apache.catalina.startup.HostConfig.deployDescriptor Deploying configuration descriptor /Users/apple/Desktop/Ponisha/apache-tomcat-8.0.33/conf/Catalina/localhost/FakePonisha.xml
15-May-2016 00:19:14.227 WARNING [http-nio-8080-exec-1] org.apache.catalina.startup.SetContextPropertiesRule.begin [SetContextPropertiesRule]{Context} Setting property 'antiJARLocking' to 'true' did not find a matching property.
15-May-2016 00:19:15.407 INFO [http-nio-8080-exec-1] org.apache.catalina.startup.HostConfig.deployDescriptor Deployment of configuration descriptor /Users/apple/Desktop/Ponisha/apache-tomcat-8.0.33/conf/Catalina/localhost/FakePonisha.xml has finished in 1,184 ms
15-May-2016 00:19:15.434 INFO [http-nio-8080-exec-8] org.apache.catalina.util.LifecycleBase.start The start() method was called on component [StandardEngine[Catalina].StandardHost[localhost].StandardContext[/FakePonisha]] after start() had already been called. The second call will be ignored.
15-May-2016 00:19:56.457 INFO [http-nio-8080-exec-15] org.apache.catalina.startup.HostConfig.undeploy Undeploying context [/FakePonisha]
15-May-2016 00:20:34.368 INFO [http-nio-8080-exec-14] org.apache.catalina.startup.HostConfig.deployDescriptor Deploying configuration descriptor /Users/apple/Desktop/Ponisha/apache-tomcat-8.0.33/conf/Catalina/localhost/FakePonisha.xml
15-May-2016 00:20:34.373 WARNING [http-nio-8080-exec-14] org.apache.catalina.startup.SetContextPropertiesRule.begin [SetContextPropertiesRule]{Context} Setting property 'antiJARLocking' to 'true' did not find a matching property.
15-May-2016 00:20:35.353 INFO [http-nio-8080-exec-14] org.apache.catalina.startup.HostConfig.deployDescriptor Deployment of configuration descriptor /Users/apple/Desktop/Ponisha/apache-tomcat-8.0.33/conf/Catalina/localhost/FakePonisha.xml has finished in 985 ms
15-May-2016 00:20:35.378 INFO [http-nio-8080-exec-21] org.apache.catalina.util.LifecycleBase.start The start() method was called on component [StandardEngine[Catalina].StandardHost[localhost].StandardContext[/FakePonisha]] after start() had already been called. The second call will be ignored.
15-May-2016 00:23:17.504 INFO [http-nio-8080-exec-26] org.apache.catalina.core.StandardContext.reload Reloading Context with name [/FakePonisha] has started
15-May-2016 00:23:19.159 INFO [http-nio-8080-exec-26] org.apache.catalina.core.StandardContext.reload Reloading Context with name [/FakePonisha] is completed
15-May-2016 00:23:37.207 INFO [http-nio-8080-exec-22] org.apache.catalina.core.StandardContext.reload Reloading Context with name [/FakePonisha] has started
15-May-2016 00:23:38.841 INFO [http-nio-8080-exec-22] org.apache.catalina.core.StandardContext.reload Reloading Context with name [/FakePonisha] is completed
15-May-2016 00:23:38.985 INFO [http-nio-8080-exec-31] org.apache.catalina.core.StandardContext.reload Reloading Context with name [/FakePonisha] has started
15-May-2016 00:23:40.387 INFO [http-nio-8080-exec-31] org.apache.catalina.core.StandardContext.reload Reloading Context with name [/FakePonisha] is completed
15-May-2016 00:23:40.490 INFO [http-nio-8080-exec-27] org.apache.catalina.core.StandardContext.reload Reloading Context with name [/FakePonisha] has started
15-May-2016 00:23:41.623 INFO [http-nio-8080-exec-27] org.apache.catalina.core.StandardContext.reload Reloading Context with name [/FakePonisha] is completed
15-May-2016 00:23:55.101 INFO [http-nio-8080-exec-30] org.apache.catalina.startup.HostConfig.undeploy Undeploying context [/FakePonisha]
15-May-2016 00:24:09.860 INFO [http-nio-8080-exec-34] org.apache.catalina.startup.HostConfig.deployDescriptor Deploying configuration descriptor /Users/apple/Desktop/Ponisha/apache-tomcat-8.0.33/conf/Catalina/localhost/FakePonisha.xml
15-May-2016 00:24:09.863 WARNING [http-nio-8080-exec-34] org.apache.catalina.startup.SetContextPropertiesRule.begin [SetContextPropertiesRule]{Context} Setting property 'antiJARLocking' to 'true' did not find a matching property.
15-May-2016 00:24:10.327 INFO [http-nio-8080-exec-34] org.apache.catalina.startup.HostConfig.deployDescriptor Deployment of configuration descriptor /Users/apple/Desktop/Ponisha/apache-tomcat-8.0.33/conf/Catalina/localhost/FakePonisha.xml has finished in 466 ms
15-May-2016 00:24:10.348 INFO [http-nio-8080-exec-38] org.apache.catalina.util.LifecycleBase.start The start() method was called on component [StandardEngine[Catalina].StandardHost[localhost].StandardContext[/FakePonisha]] after start() had already been called. The second call will be ignored.
15-May-2016 00:24:20.231 INFO [http-nio-8080-exec-23] org.hibernate.annotations.common.Version.<clinit> HCANN000001: Hibernate Commons Annotations {4.0.2.Final}
15-May-2016 00:24:20.237 INFO [http-nio-8080-exec-23] org.hibernate.Version.logVersion HHH000412: Hibernate Core {4.2.8.Final}
15-May-2016 00:24:20.239 INFO [http-nio-8080-exec-23] org.hibernate.cfg.Environment.<clinit> HHH000206: hibernate.properties not found
15-May-2016 00:24:20.241 INFO [http-nio-8080-exec-23] org.hibernate.cfg.Environment.buildBytecodeProvider HHH000021: Bytecode provider name : javassist
15-May-2016 00:24:20.460 INFO [http-nio-8080-exec-23] org.hibernate.service.jdbc.connections.internal.DriverManagerConnectionProviderImpl.configure HHH000402: Using Hibernate built-in connection pool (not for production use!)
15-May-2016 00:24:20.465 INFO [http-nio-8080-exec-23] org.hibernate.service.jdbc.connections.internal.DriverManagerConnectionProviderImpl.configure HHH000115: Hibernate connection pool size: 20
15-May-2016 00:24:20.466 INFO [http-nio-8080-exec-23] org.hibernate.service.jdbc.connections.internal.DriverManagerConnectionProviderImpl.configure HHH000006: Autocommit mode: true
15-May-2016 00:24:20.466 INFO [http-nio-8080-exec-23] org.hibernate.service.jdbc.connections.internal.DriverManagerConnectionProviderImpl.configure HHH000401: using driver [com.mysql.jdbc.Driver] at URL [jdbc:mysql://localhost:3306/ponisha?zeroDateTimeBehavior=convertToNull]
15-May-2016 00:24:20.466 INFO [http-nio-8080-exec-23] org.hibernate.service.jdbc.connections.internal.DriverManagerConnectionProviderImpl.configure HHH000046: Connection properties: {user=root, password=****, autocommit=true, release_mode=auto}
15-May-2016 00:24:20.764 INFO [http-nio-8080-exec-23] org.hibernate.dialect.Dialect.<init> HHH000400: Using dialect: org.hibernate.dialect.MySQL5Dialect
15-May-2016 00:24:20.913 INFO [http-nio-8080-exec-23] org.hibernate.engine.transaction.internal.TransactionFactoryInitiator.initiateService HHH000268: Transaction strategy: org.hibernate.engine.transaction.internal.jdbc.JdbcTransactionFactory
15-May-2016 00:24:20.918 INFO [http-nio-8080-exec-23] org.hibernate.hql.internal.ast.ASTQueryTranslatorFactory.<init> HHH000397: Using ASTQueryTranslatorFactory
15-May-2016 00:24:21.399 INFO [http-nio-8080-exec-23] org.hibernate.service.jdbc.connections.internal.DriverManagerConnectionProviderImpl.stop HHH000030: Cleaning up connection pool [jdbc:mysql://localhost:3306/ponisha?zeroDateTimeBehavior=convertToNull]
15-May-2016 00:25:10.383 INFO [http-nio-8080-exec-42] org.apache.catalina.core.StandardContext.reload Reloading Context with name [/FakePonisha] has started
15-May-2016 00:25:10.388 WARNING [http-nio-8080-exec-42] org.apache.catalina.loader.WebappClassLoaderBase.clearReferencesJdbc The web application [FakePonisha] registered the JDBC driver [com.mysql.jdbc.Driver] but failed to unregister it when the web application was stopped. To prevent a memory leak, the JDBC Driver has been forcibly unregistered.
15-May-2016 00:25:10.389 WARNING [http-nio-8080-exec-42] org.apache.catalina.loader.WebappClassLoaderBase.clearReferencesThreads The web application [FakePonisha] appears to have started a thread named [Abandoned connection cleanup thread] but has failed to stop it. This is very likely to create a memory leak. Stack trace of thread:
 java.lang.Object.wait(Native Method)
 java.lang.ref.ReferenceQueue.remove(ReferenceQueue.java:143)
 com.mysql.jdbc.AbandonedConnectionCleanupThread.run(AbandonedConnectionCleanupThread.java:40)
15-May-2016 00:25:11.596 INFO [http-nio-8080-exec-42] org.apache.catalina.core.StandardContext.reload Reloading Context with name [/FakePonisha] is completed
15-May-2016 00:28:09.645 INFO [http-nio-8080-exec-38] org.apache.catalina.core.StandardContext.reload Reloading Context with name [/FakePonisha] has started
15-May-2016 00:28:10.338 INFO [http-nio-8080-exec-38] org.apache.catalina.core.StandardContext.reload Reloading Context with name [/FakePonisha] is completed
15-May-2016 00:28:30.276 INFO [http-nio-8080-exec-45] org.apache.catalina.core.StandardContext.reload Reloading Context with name [/FakePonisha] has started
15-May-2016 00:28:31.587 INFO [http-nio-8080-exec-45] org.apache.catalina.core.StandardContext.reload Reloading Context with name [/FakePonisha] is completed
15-May-2016 00:38:14.284 INFO [http-nio-8080-exec-60] org.apache.catalina.core.StandardContext.reload Reloading Context with name [/FakePonisha] has started
15-May-2016 00:38:15.122 INFO [http-nio-8080-exec-60] org.apache.catalina.core.StandardContext.reload Reloading Context with name [/FakePonisha] is completed
15-May-2016 00:40:15.033 INFO [http-nio-8080-exec-59] org.apache.catalina.core.StandardContext.reload Reloading Context with name [/FakePonisha] has started
15-May-2016 00:40:15.766 INFO [http-nio-8080-exec-59] org.apache.catalina.core.StandardContext.reload Reloading Context with name [/FakePonisha] is completed
15-May-2016 00:44:04.339 INFO [http-nio-8080-exec-69] org.apache.catalina.core.StandardContext.reload Reloading Context with name [/FakePonisha] has started
15-May-2016 00:44:04.525 INFO [main] org.apache.catalina.core.StandardServer.await A valid shutdown command was received via the shutdown port. Stopping the Server instance.
15-May-2016 00:44:04.525 INFO [main] org.apache.coyote.AbstractProtocol.pause Pausing ProtocolHandler ["http-nio-8080"]
15-May-2016 00:44:04.580 INFO [main] org.apache.coyote.AbstractProtocol.pause Pausing ProtocolHandler ["ajp-nio-8009"]
15-May-2016 00:44:04.633 INFO [main] org.apache.catalina.core.StandardService.stopInternal Stopping service Catalina
15-May-2016 00:44:05.564 INFO [http-nio-8080-exec-69] org.apache.catalina.core.StandardContext.reload Reloading Context with name [/FakePonisha] is completed
15-May-2016 00:44:05.654 INFO [main] org.apache.coyote.AbstractProtocol.stop Stopping ProtocolHandler ["http-nio-8080"]
15-May-2016 00:44:05.749 INFO [main] org.apache.coyote.AbstractProtocol.stop Stopping ProtocolHandler ["ajp-nio-8009"]
15-May-2016 00:44:05.770 INFO [main] org.apache.coyote.AbstractProtocol.destroy Destroying ProtocolHandler ["http-nio-8080"]
15-May-2016 00:44:05.771 INFO [main] org.apache.coyote.AbstractProtocol.destroy Destroying ProtocolHandler ["ajp-nio-8009"]
15-May-2016 00:44:14.271 INFO [main] org.apache.catalina.startup.VersionLoggerListener.log Server version:        Apache Tomcat/8.0.33
15-May-2016 00:44:14.276 INFO [main] org.apache.catalina.startup.VersionLoggerListener.log Server built:          Mar 18 2016 20:31:49 UTC
15-May-2016 00:44:14.276 INFO [main] org.apache.catalina.startup.VersionLoggerListener.log Server number:         8.0.33.0
15-May-2016 00:44:14.276 INFO [main] org.apache.catalina.startup.VersionLoggerListener.log OS Name:               Mac OS X
15-May-2016 00:44:14.276 INFO [main] org.apache.catalina.startup.VersionLoggerListener.log OS Version:            10.11.4
15-May-2016 00:44:14.276 INFO [main] org.apache.catalina.startup.VersionLoggerListener.log Architecture:          x86_64
15-May-2016 00:44:14.277 INFO [main] org.apache.catalina.startup.VersionLoggerListener.log Java Home:             /Library/Java/JavaVirtualMachines/jdk1.8.0_91.jdk/Contents/Home/jre
15-May-2016 00:44:14.277 INFO [main] org.apache.catalina.startup.VersionLoggerListener.log JVM Version:           1.8.0_91-b14
15-May-2016 00:44:14.277 INFO [main] org.apache.catalina.startup.VersionLoggerListener.log JVM Vendor:            Oracle Corporation
15-May-2016 00:44:14.277 INFO [main] org.apache.catalina.startup.VersionLoggerListener.log CATALINA_BASE:         /Users/apple/Desktop/Ponisha/apache-tomcat-8.0.33
15-May-2016 00:44:14.277 INFO [main] org.apache.catalina.startup.VersionLoggerListener.log CATALINA_HOME:         /Users/apple/Desktop/Ponisha/apache-tomcat-8.0.33
15-May-2016 00:44:14.279 INFO [main] org.apache.catalina.startup.VersionLoggerListener.log Command line argument: -Djava.util.logging.config.file=/Users/apple/Desktop/Ponisha/apache-tomcat-8.0.33/conf/logging.properties
15-May-2016 00:44:14.279 INFO [main] org.apache.catalina.startup.VersionLoggerListener.log Command line argument: -Djava.util.logging.manager=org.apache.juli.ClassLoaderLogManager
15-May-2016 00:44:14.279 INFO [main] org.apache.catalina.startup.VersionLoggerListener.log Command line argument: -Dhttp.nonProxyHosts=localhost|127.0.0.1|apples-MacBook-Pro.local
15-May-2016 00:44:14.279 INFO [main] org.apache.catalina.startup.VersionLoggerListener.log Command line argument: -agentlib:jdwp=transport=dt_socket,address=11550,server=y,suspend=n
15-May-2016 00:44:14.280 INFO [main] org.apache.catalina.startup.VersionLoggerListener.log Command line argument: -Djava.endorsed.dirs=/Users/apple/Desktop/Ponisha/apache-tomcat-8.0.33/endorsed
15-May-2016 00:44:14.280 INFO [main] org.apache.catalina.startup.VersionLoggerListener.log Command line argument: -Dcatalina.base=/Users/apple/Desktop/Ponisha/apache-tomcat-8.0.33
15-May-2016 00:44:14.280 INFO [main] org.apache.catalina.startup.VersionLoggerListener.log Command line argument: -Dcatalina.home=/Users/apple/Desktop/Ponisha/apache-tomcat-8.0.33
15-May-2016 00:44:14.280 INFO [main] org.apache.catalina.startup.VersionLoggerListener.log Command line argument: -Djava.io.tmpdir=/Users/apple/Desktop/Ponisha/apache-tomcat-8.0.33/temp
15-May-2016 00:44:14.280 INFO [main] org.apache.catalina.core.AprLifecycleListener.lifecycleEvent The APR based Apache Tomcat Native library which allows optimal performance in production environments was not found on the java.library.path: /Users/apple/Library/Java/Extensions:/Library/Java/Extensions:/Network/Library/Java/Extensions:/System/Library/Java/Extensions:/usr/lib/java:.
15-May-2016 00:44:15.080 INFO [main] org.apache.coyote.AbstractProtocol.init Initializing ProtocolHandler ["http-nio-8080"]
15-May-2016 00:44:15.220 INFO [main] org.apache.tomcat.util.net.NioSelectorPool.getSharedSelector Using a shared selector for servlet write/read
15-May-2016 00:44:15.229 INFO [main] org.apache.coyote.AbstractProtocol.init Initializing ProtocolHandler ["ajp-nio-8009"]
15-May-2016 00:44:15.230 INFO [main] org.apache.tomcat.util.net.NioSelectorPool.getSharedSelector Using a shared selector for servlet write/read
15-May-2016 00:44:15.231 INFO [main] org.apache.catalina.startup.Catalina.load Initialization processed in 3190 ms
15-May-2016 00:44:15.371 INFO [main] org.apache.catalina.core.StandardService.startInternal Starting service Catalina
15-May-2016 00:44:15.371 INFO [main] org.apache.catalina.core.StandardEngine.startInternal Starting Servlet Engine: Apache Tomcat/8.0.33
15-May-2016 00:44:15.419 INFO [localhost-startStop-1] org.apache.catalina.startup.HostConfig.deployDescriptor Deploying configuration descriptor /Users/apple/Desktop/Ponisha/apache-tomcat-8.0.33/conf/Catalina/localhost/FakePonisha.xml
15-May-2016 00:44:15.511 WARNING [localhost-startStop-1] org.apache.catalina.startup.SetContextPropertiesRule.begin [SetContextPropertiesRule]{Context} Setting property 'antiJARLocking' to 'true' did not find a matching property.
15-May-2016 00:44:15.620 SEVERE [localhost-startStop-1] org.apache.catalina.core.ContainerBase.addChildInternal ContainerBase.addChild: start: 
 org.apache.catalina.LifecycleException: Failed to start component [StandardEngine[Catalina].StandardHost[localhost].StandardContext[/FakePonisha]]
	at org.apache.catalina.util.LifecycleBase.start(LifecycleBase.java:153)
	at org.apache.catalina.core.ContainerBase.addChildInternal(ContainerBase.java:725)
	at org.apache.catalina.core.ContainerBase.addChild(ContainerBase.java:701)
	at org.apache.catalina.core.StandardHost.addChild(StandardHost.java:717)
	at org.apache.catalina.startup.HostConfig.deployDescriptor(HostConfig.java:587)
	at org.apache.catalina.startup.HostConfig$DeployDescriptor.run(HostConfig.java:1798)
	at java.util.concurrent.Executors$RunnableAdapter.call(Executors.java:511)
	at java.util.concurrent.FutureTask.run(FutureTask.java:266)
	at java.util.concurrent.ThreadPoolExecutor.runWorker(ThreadPoolExecutor.java:1142)
	at java.util.concurrent.ThreadPoolExecutor$Worker.run(ThreadPoolExecutor.java:617)
	at java.lang.Thread.run(Thread.java:745)
Caused by: org.apache.catalina.LifecycleException: Failed to start component [org.apache.catalina.webresources.StandardRoot@798cc96e]
	at org.apache.catalina.util.LifecycleBase.start(LifecycleBase.java:153)
	at org.apache.catalina.core.StandardContext.resourcesStart(StandardContext.java:4927)
	at org.apache.catalina.core.StandardContext.startInternal(StandardContext.java:5057)
	at org.apache.catalina.util.LifecycleBase.start(LifecycleBase.java:147)
	... 10 more
Caused by: java.lang.IllegalArgumentException: The main resource set specified [/Users/apple/Desktop/Ponisha/Source Code/FakePonisha/target/FakePonisha-1.0-SNAPSHOT] is not valid
	at org.apache.catalina.webresources.StandardRoot.createMainResourceSet(StandardRoot.java:723)
	at org.apache.catalina.webresources.StandardRoot.startInternal(StandardRoot.java:684)
	at org.apache.catalina.util.LifecycleBase.start(LifecycleBase.java:147)
	... 13 more

15-May-2016 00:44:15.622 SEVERE [localhost-startStop-1] org.apache.catalina.startup.HostConfig.deployDescriptor Error deploying configuration descriptor /Users/apple/Desktop/Ponisha/apache-tomcat-8.0.33/conf/Catalina/localhost/FakePonisha.xml
 java.lang.IllegalStateException: ContainerBase.addChild: start: org.apache.catalina.LifecycleException: Failed to start component [StandardEngine[Catalina].StandardHost[localhost].StandardContext[/FakePonisha]]
	at org.apache.catalina.core.ContainerBase.addChildInternal(ContainerBase.java:729)
	at org.apache.catalina.core.ContainerBase.addChild(ContainerBase.java:701)
	at org.apache.catalina.core.StandardHost.addChild(StandardHost.java:717)
	at org.apache.catalina.startup.HostConfig.deployDescriptor(HostConfig.java:587)
	at org.apache.catalina.startup.HostConfig$DeployDescriptor.run(HostConfig.java:1798)
	at java.util.concurrent.Executors$RunnableAdapter.call(Executors.java:511)
	at java.util.concurrent.FutureTask.run(FutureTask.java:266)
	at java.util.concurrent.ThreadPoolExecutor.runWorker(ThreadPoolExecutor.java:1142)
	at java.util.concurrent.ThreadPoolExecutor$Worker.run(ThreadPoolExecutor.java:617)
	at java.lang.Thread.run(Thread.java:745)

15-May-2016 00:44:15.624 INFO [localhost-startStop-1] org.apache.catalina.startup.HostConfig.deployDescriptor Deployment of configuration descriptor /Users/apple/Desktop/Ponisha/apache-tomcat-8.0.33/conf/Catalina/localhost/FakePonisha.xml has finished in 205 ms
15-May-2016 00:44:15.624 INFO [localhost-startStop-1] org.apache.catalina.startup.HostConfig.deployDescriptor Deploying configuration descriptor /Users/apple/Desktop/Ponisha/apache-tomcat-8.0.33/conf/Catalina/localhost/SqlTestMaven2.xml
15-May-2016 00:44:15.632 WARNING [localhost-startStop-1] org.apache.catalina.startup.SetContextPropertiesRule.begin [SetContextPropertiesRule]{Context} Setting property 'antiJARLocking' to 'true' did not find a matching property.
15-May-2016 00:44:18.579 INFO [localhost-startStop-1] org.apache.jasper.servlet.TldScanner.scanJars At least one JAR was scanned for TLDs yet contained no TLDs. Enable debug logging for this logger for a complete list of JARs that were scanned but no TLDs were found in them. Skipping unneeded JARs during scanning can improve startup time and JSP compilation time.
15-May-2016 00:44:18.845 INFO [localhost-startStop-1] org.apache.catalina.startup.HostConfig.deployDescriptor Deployment of configuration descriptor /Users/apple/Desktop/Ponisha/apache-tomcat-8.0.33/conf/Catalina/localhost/SqlTestMaven2.xml has finished in 3,221 ms
15-May-2016 00:44:18.846 INFO [localhost-startStop-1] org.apache.catalina.startup.HostConfig.deployDescriptor Deploying configuration descriptor /Users/apple/Desktop/Ponisha/apache-tomcat-8.0.33/conf/Catalina/localhost/TestSimpleSql2.xml
15-May-2016 00:44:18.849 WARNING [localhost-startStop-1] org.apache.catalina.startup.SetContextPropertiesRule.begin [SetContextPropertiesRule]{Context} Setting property 'antiJARLocking' to 'true' did not find a matching property.
15-May-2016 00:44:18.989 SEVERE [localhost-startStop-1] org.apache.tomcat.util.digester.Digester.fatalError Parse Fatal Error at line 2 column 6: The processing instruction target matching "[xX][mM][lL]" is not allowed.
 org.xml.sax.SAXParseException; systemId: file:/Users/apple/Desktop/Ponisha/Source%20Code/TestSimpleSql2/target/TestSimpleSql2-1.0-SNAPSHOT/WEB-INF/web.xml; lineNumber: 2; columnNumber: 6; The processing instruction target matching "[xX][mM][lL]" is not allowed.
	at com.sun.org.apache.xerces.internal.util.ErrorHandlerWrapper.createSAXParseException(ErrorHandlerWrapper.java:203)
	at com.sun.org.apache.xerces.internal.util.ErrorHandlerWrapper.fatalError(ErrorHandlerWrapper.java:177)
	at com.sun.org.apache.xerces.internal.impl.XMLErrorReporter.reportError(XMLErrorReporter.java:400)
	at com.sun.org.apache.xerces.internal.impl.XMLErrorReporter.reportError(XMLErrorReporter.java:327)
	at com.sun.org.apache.xerces.internal.impl.XMLScanner.reportFatalError(XMLScanner.java:1438)
	at com.sun.org.apache.xerces.internal.impl.XMLScanner.scanPIData(XMLScanner.java:723)
	at com.sun.org.apache.xerces.internal.impl.XMLDocumentFragmentScannerImpl.scanPIData(XMLDocumentFragmentScannerImpl.java:1019)
	at com.sun.org.apache.xerces.internal.impl.XMLScanner.scanPI(XMLScanner.java:691)
	at com.sun.org.apache.xerces.internal.impl.XMLDocumentScannerImpl$PrologDriver.next(XMLDocumentScannerImpl.java:912)
	at com.sun.org.apache.xerces.internal.impl.XMLDocumentScannerImpl.next(XMLDocumentScannerImpl.java:606)
	at com.sun.org.apache.xerces.internal.impl.XMLDocumentFragmentScannerImpl.scanDocument(XMLDocumentFragmentScannerImpl.java:510)
	at com.sun.org.apache.xerces.internal.parsers.XML11Configuration.parse(XML11Configuration.java:848)
	at com.sun.org.apache.xerces.internal.parsers.XML11Configuration.parse(XML11Configuration.java:777)
	at com.sun.org.apache.xerces.internal.parsers.XMLParser.parse(XMLParser.java:141)
	at com.sun.org.apache.xerces.internal.parsers.AbstractSAXParser.parse(AbstractSAXParser.java:1213)
	at com.sun.org.apache.xerces.internal.jaxp.SAXParserImpl$JAXPSAXParser.parse(SAXParserImpl.java:643)
	at org.apache.tomcat.util.digester.Digester.parse(Digester.java:1451)
	at org.apache.tomcat.util.descriptor.web.WebXmlParser.parseWebXml(WebXmlParser.java:120)
	at org.apache.catalina.startup.ContextConfig.webConfig(ContextConfig.java:1115)
	at org.apache.catalina.startup.ContextConfig.configureStart(ContextConfig.java:779)
	at org.apache.catalina.startup.ContextConfig.lifecycleEvent(ContextConfig.java:306)
	at org.apache.catalina.util.LifecycleSupport.fireLifecycleEvent(LifecycleSupport.java:95)
	at org.apache.catalina.util.LifecycleBase.fireLifecycleEvent(LifecycleBase.java:90)
	at org.apache.catalina.core.StandardContext.startInternal(StandardContext.java:5150)
	at org.apache.catalina.util.LifecycleBase.start(LifecycleBase.java:147)
	at org.apache.catalina.core.ContainerBase.addChildInternal(ContainerBase.java:725)
	at org.apache.catalina.core.ContainerBase.addChild(ContainerBase.java:701)
	at org.apache.catalina.core.StandardHost.addChild(StandardHost.java:717)
	at org.apache.catalina.startup.HostConfig.deployDescriptor(HostConfig.java:587)
	at org.apache.catalina.startup.HostConfig$DeployDescriptor.run(HostConfig.java:1798)
	at java.util.concurrent.Executors$RunnableAdapter.call(Executors.java:511)
	at java.util.concurrent.FutureTask.run(FutureTask.java:266)
	at java.util.concurrent.ThreadPoolExecutor.runWorker(ThreadPoolExecutor.java:1142)
	at java.util.concurrent.ThreadPoolExecutor$Worker.run(ThreadPoolExecutor.java:617)
	at java.lang.Thread.run(Thread.java:745)

15-May-2016 00:44:18.990 SEVERE [localhost-startStop-1] org.apache.tomcat.util.descriptor.web.WebXmlParser.parseWebXml Parse error in application web.xml file at file:/Users/apple/Desktop/Ponisha/Source%20Code/TestSimpleSql2/target/TestSimpleSql2-1.0-SNAPSHOT/WEB-INF/web.xml
 org.xml.sax.SAXParseException; systemId: file:/Users/apple/Desktop/Ponisha/Source%20Code/TestSimpleSql2/target/TestSimpleSql2-1.0-SNAPSHOT/WEB-INF/web.xml; lineNumber: 2; columnNumber: 6; The processing instruction target matching "[xX][mM][lL]" is not allowed.
	at com.sun.org.apache.xerces.internal.util.ErrorHandlerWrapper.createSAXParseException(ErrorHandlerWrapper.java:203)
	at com.sun.org.apache.xerces.internal.util.ErrorHandlerWrapper.fatalError(ErrorHandlerWrapper.java:177)
	at com.sun.org.apache.xerces.internal.impl.XMLErrorReporter.reportError(XMLErrorReporter.java:400)
	at com.sun.org.apache.xerces.internal.impl.XMLErrorReporter.reportError(XMLErrorReporter.java:327)
	at com.sun.org.apache.xerces.internal.impl.XMLScanner.reportFatalError(XMLScanner.java:1438)
	at com.sun.org.apache.xerces.internal.impl.XMLScanner.scanPIData(XMLScanner.java:723)
	at com.sun.org.apache.xerces.internal.impl.XMLDocumentFragmentScannerImpl.scanPIData(XMLDocumentFragmentScannerImpl.java:1019)
	at com.sun.org.apache.xerces.internal.impl.XMLScanner.scanPI(XMLScanner.java:691)
	at com.sun.org.apache.xerces.internal.impl.XMLDocumentScannerImpl$PrologDriver.next(XMLDocumentScannerImpl.java:912)
	at com.sun.org.apache.xerces.internal.impl.XMLDocumentScannerImpl.next(XMLDocumentScannerImpl.java:606)
	at com.sun.org.apache.xerces.internal.impl.XMLDocumentFragmentScannerImpl.scanDocument(XMLDocumentFragmentScannerImpl.java:510)
	at com.sun.org.apache.xerces.internal.parsers.XML11Configuration.parse(XML11Configuration.java:848)
	at com.sun.org.apache.xerces.internal.parsers.XML11Configuration.parse(XML11Configuration.java:777)
	at com.sun.org.apache.xerces.internal.parsers.XMLParser.parse(XMLParser.java:141)
	at com.sun.org.apache.xerces.internal.parsers.AbstractSAXParser.parse(AbstractSAXParser.java:1213)
	at com.sun.org.apache.xerces.internal.jaxp.SAXParserImpl$JAXPSAXParser.parse(SAXParserImpl.java:643)
	at org.apache.tomcat.util.digester.Digester.parse(Digester.java:1451)
	at org.apache.tomcat.util.descriptor.web.WebXmlParser.parseWebXml(WebXmlParser.java:120)
	at org.apache.catalina.startup.ContextConfig.webConfig(ContextConfig.java:1115)
	at org.apache.catalina.startup.ContextConfig.configureStart(ContextConfig.java:779)
	at org.apache.catalina.startup.ContextConfig.lifecycleEvent(ContextConfig.java:306)
	at org.apache.catalina.util.LifecycleSupport.fireLifecycleEvent(LifecycleSupport.java:95)
	at org.apache.catalina.util.LifecycleBase.fireLifecycleEvent(LifecycleBase.java:90)
	at org.apache.catalina.core.StandardContext.startInternal(StandardContext.java:5150)
	at org.apache.catalina.util.LifecycleBase.start(LifecycleBase.java:147)
	at org.apache.catalina.core.ContainerBase.addChildInternal(ContainerBase.java:725)
	at org.apache.catalina.core.ContainerBase.addChild(ContainerBase.java:701)
	at org.apache.catalina.core.StandardHost.addChild(StandardHost.java:717)
	at org.apache.catalina.startup.HostConfig.deployDescriptor(HostConfig.java:587)
	at org.apache.catalina.startup.HostConfig$DeployDescriptor.run(HostConfig.java:1798)
	at java.util.concurrent.Executors$RunnableAdapter.call(Executors.java:511)
	at java.util.concurrent.FutureTask.run(FutureTask.java:266)
	at java.util.concurrent.ThreadPoolExecutor.runWorker(ThreadPoolExecutor.java:1142)
	at java.util.concurrent.ThreadPoolExecutor$Worker.run(ThreadPoolExecutor.java:617)
	at java.lang.Thread.run(Thread.java:745)

15-May-2016 00:44:18.990 SEVERE [localhost-startStop-1] org.apache.tomcat.util.descriptor.web.WebXmlParser.parseWebXml Occurred at line 2 column 6
15-May-2016 00:44:18.997 SEVERE [localhost-startStop-1] org.apache.catalina.startup.ContextConfig.configureStart Marking this application unavailable due to previous error(s)
15-May-2016 00:44:19.000 SEVERE [localhost-startStop-1] org.apache.catalina.core.StandardContext.startInternal One or more components marked the context as not correctly configured
15-May-2016 00:44:19.003 SEVERE [localhost-startStop-1] org.apache.catalina.core.StandardContext.startInternal Context [/TestSimpleSql2] startup failed due to previous errors
15-May-2016 00:44:19.013 INFO [localhost-startStop-1] org.apache.catalina.startup.HostConfig.deployDescriptor Deployment of configuration descriptor /Users/apple/Desktop/Ponisha/apache-tomcat-8.0.33/conf/Catalina/localhost/TestSimpleSql2.xml has finished in 167 ms
15-May-2016 00:44:19.026 INFO [localhost-startStop-1] org.apache.catalina.startup.HostConfig.deployDirectory Deploying web application directory /Users/apple/Desktop/Ponisha/apache-tomcat-8.0.33/webapps/docs
15-May-2016 00:44:19.166 INFO [localhost-startStop-1] org.apache.catalina.startup.HostConfig.deployDirectory Deployment of web application directory /Users/apple/Desktop/Ponisha/apache-tomcat-8.0.33/webapps/docs has finished in 140 ms
15-May-2016 00:44:19.166 INFO [localhost-startStop-1] org.apache.catalina.startup.HostConfig.deployDirectory Deploying web application directory /Users/apple/Desktop/Ponisha/apache-tomcat-8.0.33/webapps/examples
15-May-2016 00:44:19.891 INFO [localhost-startStop-1] org.apache.catalina.startup.HostConfig.deployDirectory Deployment of web application directory /Users/apple/Desktop/Ponisha/apache-tomcat-8.0.33/webapps/examples has finished in 724 ms
15-May-2016 00:44:19.891 INFO [localhost-startStop-1] org.apache.catalina.startup.HostConfig.deployDirectory Deploying web application directory /Users/apple/Desktop/Ponisha/apache-tomcat-8.0.33/webapps/host-manager
15-May-2016 00:44:19.969 INFO [localhost-startStop-1] org.apache.catalina.startup.HostConfig.deployDirectory Deployment of web application directory /Users/apple/Desktop/Ponisha/apache-tomcat-8.0.33/webapps/host-manager has finished in 78 ms
15-May-2016 00:44:19.970 INFO [localhost-startStop-1] org.apache.catalina.startup.HostConfig.deployDirectory Deploying web application directory /Users/apple/Desktop/Ponisha/apache-tomcat-8.0.33/webapps/manager
15-May-2016 00:44:20.089 INFO [localhost-startStop-1] org.apache.catalina.startup.HostConfig.deployDirectory Deployment of web application directory /Users/apple/Desktop/Ponisha/apache-tomcat-8.0.33/webapps/manager has finished in 119 ms
15-May-2016 00:44:20.091 INFO [localhost-startStop-1] org.apache.catalina.startup.HostConfig.deployDirectory Deploying web application directory /Users/apple/Desktop/Ponisha/apache-tomcat-8.0.33/webapps/ROOT
15-May-2016 00:44:20.168 INFO [localhost-startStop-1] org.apache.catalina.startup.HostConfig.deployDirectory Deployment of web application directory /Users/apple/Desktop/Ponisha/apache-tomcat-8.0.33/webapps/ROOT has finished in 77 ms
15-May-2016 00:44:20.173 INFO [main] org.apache.coyote.AbstractProtocol.start Starting ProtocolHandler ["http-nio-8080"]
15-May-2016 00:44:20.182 INFO [main] org.apache.coyote.AbstractProtocol.start Starting ProtocolHandler ["ajp-nio-8009"]
15-May-2016 00:44:20.182 INFO [main] org.apache.catalina.startup.Catalina.start Server startup in 4950 ms
15-May-2016 00:44:21.617 INFO [http-nio-8080-exec-7] org.apache.coyote.http11.AbstractHttp11Processor.process Error parsing HTTP request header
 Note: further occurrences of HTTP header parsing errors will be logged at DEBUG level.
 java.lang.IllegalArgumentException: Invalid character (CR or LF) found in method name
	at org.apache.coyote.http11.AbstractNioInputBuffer.parseRequestLine(AbstractNioInputBuffer.java:228)
	at org.apache.coyote.http11.AbstractHttp11Processor.process(AbstractHttp11Processor.java:1009)
	at org.apache.coyote.AbstractProtocol$AbstractConnectionHandler.process(AbstractProtocol.java:672)
	at org.apache.tomcat.util.net.NioEndpoint$SocketProcessor.doRun(NioEndpoint.java:1502)
	at org.apache.tomcat.util.net.NioEndpoint$SocketProcessor.run(NioEndpoint.java:1458)
	at java.util.concurrent.ThreadPoolExecutor.runWorker(ThreadPoolExecutor.java:1142)
	at java.util.concurrent.ThreadPoolExecutor$Worker.run(ThreadPoolExecutor.java:617)
	at org.apache.tomcat.util.threads.TaskThread$WrappingRunnable.run(TaskThread.java:61)
	at java.lang.Thread.run(Thread.java:745)

15-May-2016 00:44:23.756 INFO [http-nio-8080-exec-10] org.apache.catalina.startup.HostConfig.undeploy Undeploying context [/FakePonisha]
15-May-2016 00:44:23.798 INFO [http-nio-8080-exec-2] org.apache.catalina.startup.HostConfig.deployDescriptor Deploying configuration descriptor /Users/apple/Desktop/Ponisha/apache-tomcat-8.0.33/conf/Catalina/localhost/FakePonisha.xml
15-May-2016 00:44:23.803 WARNING [http-nio-8080-exec-2] org.apache.catalina.startup.SetContextPropertiesRule.begin [SetContextPropertiesRule]{Context} Setting property 'antiJARLocking' to 'true' did not find a matching property.
15-May-2016 00:44:25.768 INFO [http-nio-8080-exec-2] org.apache.jasper.servlet.TldScanner.scanJars At least one JAR was scanned for TLDs yet contained no TLDs. Enable debug logging for this logger for a complete list of JARs that were scanned but no TLDs were found in them. Skipping unneeded JARs during scanning can improve startup time and JSP compilation time.
15-May-2016 00:44:25.806 INFO [http-nio-8080-exec-2] org.apache.catalina.startup.HostConfig.deployDescriptor Deployment of configuration descriptor /Users/apple/Desktop/Ponisha/apache-tomcat-8.0.33/conf/Catalina/localhost/FakePonisha.xml has finished in 2,008 ms
15-May-2016 00:44:25.836 INFO [http-nio-8080-exec-9] org.apache.catalina.util.LifecycleBase.start The start() method was called on component [StandardEngine[Catalina].StandardHost[localhost].StandardContext[/FakePonisha]] after start() had already been called. The second call will be ignored.
15-May-2016 00:44:32.975 INFO [http-nio-8080-exec-12] org.apache.catalina.startup.HostConfig.undeploy Undeploying context [/FakePonisha]
15-May-2016 00:45:08.562 INFO [http-nio-8080-exec-15] org.apache.catalina.startup.HostConfig.deployDescriptor Deploying configuration descriptor /Users/apple/Desktop/Ponisha/apache-tomcat-8.0.33/conf/Catalina/localhost/FakePonisha.xml
15-May-2016 00:45:08.566 WARNING [http-nio-8080-exec-15] org.apache.catalina.startup.SetContextPropertiesRule.begin [SetContextPropertiesRule]{Context} Setting property 'antiJARLocking' to 'true' did not find a matching property.
15-May-2016 00:45:09.449 INFO [http-nio-8080-exec-15] org.apache.jasper.servlet.TldScanner.scanJars At least one JAR was scanned for TLDs yet contained no TLDs. Enable debug logging for this logger for a complete list of JARs that were scanned but no TLDs were found in them. Skipping unneeded JARs during scanning can improve startup time and JSP compilation time.
15-May-2016 00:45:09.453 INFO [http-nio-8080-exec-15] org.apache.catalina.startup.HostConfig.deployDescriptor Deployment of configuration descriptor /Users/apple/Desktop/Ponisha/apache-tomcat-8.0.33/conf/Catalina/localhost/FakePonisha.xml has finished in 891 ms
15-May-2016 00:45:09.470 INFO [http-nio-8080-exec-17] org.apache.catalina.util.LifecycleBase.start The start() method was called on component [StandardEngine[Catalina].StandardHost[localhost].StandardContext[/FakePonisha]] after start() had already been called. The second call will be ignored.
15-May-2016 00:46:17.150 INFO [http-nio-8080-exec-17] org.apache.catalina.core.StandardContext.reload Reloading Context with name [/FakePonisha] has started
15-May-2016 00:46:18.318 INFO [http-nio-8080-exec-17] org.apache.jasper.servlet.TldScanner.scanJars At least one JAR was scanned for TLDs yet contained no TLDs. Enable debug logging for this logger for a complete list of JARs that were scanned but no TLDs were found in them. Skipping unneeded JARs during scanning can improve startup time and JSP compilation time.
15-May-2016 00:46:18.334 INFO [http-nio-8080-exec-17] org.apache.catalina.core.StandardContext.reload Reloading Context with name [/FakePonisha] is completed
15-May-2016 00:48:40.569 INFO [http-nio-8080-exec-16] org.apache.catalina.core.StandardContext.reload Reloading Context with name [/FakePonisha] has started
15-May-2016 00:48:41.882 INFO [http-nio-8080-exec-16] org.apache.jasper.servlet.TldScanner.scanJars At least one JAR was scanned for TLDs yet contained no TLDs. Enable debug logging for this logger for a complete list of JARs that were scanned but no TLDs were found in them. Skipping unneeded JARs during scanning can improve startup time and JSP compilation time.
15-May-2016 00:48:41.888 INFO [http-nio-8080-exec-16] org.apache.catalina.core.StandardContext.reload Reloading Context with name [/FakePonisha] is completed
15-May-2016 00:49:02.326 INFO [http-nio-8080-exec-27] org.apache.catalina.core.StandardContext.reload Reloading Context with name [/FakePonisha] has started
15-May-2016 00:49:03.871 INFO [http-nio-8080-exec-27] org.apache.jasper.servlet.TldScanner.scanJars At least one JAR was scanned for TLDs yet contained no TLDs. Enable debug logging for this logger for a complete list of JARs that were scanned but no TLDs were found in them. Skipping unneeded JARs during scanning can improve startup time and JSP compilation time.
15-May-2016 00:49:03.890 INFO [http-nio-8080-exec-27] org.apache.catalina.core.StandardContext.reload Reloading Context with name [/FakePonisha] is completed
15-May-2016 01:04:28.340 INFO [http-nio-8080-exec-40] org.apache.catalina.core.StandardContext.reload Reloading Context with name [/FakePonisha] has started
15-May-2016 01:04:29.179 INFO [http-nio-8080-exec-40] org.apache.jasper.servlet.TldScanner.scanJars At least one JAR was scanned for TLDs yet contained no TLDs. Enable debug logging for this logger for a complete list of JARs that were scanned but no TLDs were found in them. Skipping unneeded JARs during scanning can improve startup time and JSP compilation time.
15-May-2016 01:04:29.185 INFO [http-nio-8080-exec-40] org.apache.catalina.core.StandardContext.reload Reloading Context with name [/FakePonisha] is completed
15-May-2016 01:04:41.991 INFO [http-nio-8080-exec-38] org.apache.catalina.startup.HostConfig.undeploy Undeploying context [/FakePonisha]
15-May-2016 01:05:06.086 INFO [http-nio-8080-exec-47] org.apache.catalina.startup.HostConfig.deployDescriptor Deploying configuration descriptor /Users/apple/Desktop/Ponisha/apache-tomcat-8.0.33/conf/Catalina/localhost/FakePonisha.xml
15-May-2016 01:05:06.090 WARNING [http-nio-8080-exec-47] org.apache.catalina.startup.SetContextPropertiesRule.begin [SetContextPropertiesRule]{Context} Setting property 'antiJARLocking' to 'true' did not find a matching property.
15-May-2016 01:05:06.782 INFO [http-nio-8080-exec-47] org.apache.jasper.servlet.TldScanner.scanJars At least one JAR was scanned for TLDs yet contained no TLDs. Enable debug logging for this logger for a complete list of JARs that were scanned but no TLDs were found in them. Skipping unneeded JARs during scanning can improve startup time and JSP compilation time.
15-May-2016 01:05:06.784 INFO [http-nio-8080-exec-47] org.apache.catalina.startup.HostConfig.deployDescriptor Deployment of configuration descriptor /Users/apple/Desktop/Ponisha/apache-tomcat-8.0.33/conf/Catalina/localhost/FakePonisha.xml has finished in 699 ms
15-May-2016 01:05:06.806 INFO [http-nio-8080-exec-45] org.apache.catalina.util.LifecycleBase.start The start() method was called on component [StandardEngine[Catalina].StandardHost[localhost].StandardContext[/FakePonisha]] after start() had already been called. The second call will be ignored.
15-May-2016 01:07:28.900 INFO [http-nio-8080-exec-51] org.apache.catalina.startup.HostConfig.undeploy Undeploying context [/FakePonisha]
15-May-2016 01:08:00.076 INFO [http-nio-8080-exec-59] org.apache.catalina.startup.HostConfig.deployDescriptor Deploying configuration descriptor /Users/apple/Desktop/Ponisha/apache-tomcat-8.0.33/conf/Catalina/localhost/FakePonisha.xml
15-May-2016 01:08:00.081 WARNING [http-nio-8080-exec-59] org.apache.catalina.startup.SetContextPropertiesRule.begin [SetContextPropertiesRule]{Context} Setting property 'antiJARLocking' to 'true' did not find a matching property.
15-May-2016 01:08:01.095 INFO [http-nio-8080-exec-59] org.apache.jasper.servlet.TldScanner.scanJars At least one JAR was scanned for TLDs yet contained no TLDs. Enable debug logging for this logger for a complete list of JARs that were scanned but no TLDs were found in them. Skipping unneeded JARs during scanning can improve startup time and JSP compilation time.
15-May-2016 01:08:01.099 INFO [http-nio-8080-exec-59] org.apache.catalina.startup.HostConfig.deployDescriptor Deployment of configuration descriptor /Users/apple/Desktop/Ponisha/apache-tomcat-8.0.33/conf/Catalina/localhost/FakePonisha.xml has finished in 1,024 ms
15-May-2016 01:08:01.120 INFO [http-nio-8080-exec-56] org.apache.catalina.util.LifecycleBase.start The start() method was called on component [StandardEngine[Catalina].StandardHost[localhost].StandardContext[/FakePonisha]] after start() had already been called. The second call will be ignored.
15-May-2016 01:08:12.644 INFO [http-nio-8080-exec-46] org.hibernate.annotations.common.Version.<clinit> HCANN000001: Hibernate Commons Annotations {4.0.2.Final}
15-May-2016 01:08:12.655 INFO [http-nio-8080-exec-46] org.hibernate.Version.logVersion HHH000412: Hibernate Core {4.2.8.Final}
15-May-2016 01:08:12.657 INFO [http-nio-8080-exec-46] org.hibernate.cfg.Environment.<clinit> HHH000206: hibernate.properties not found
15-May-2016 01:08:12.659 INFO [http-nio-8080-exec-46] org.hibernate.cfg.Environment.buildBytecodeProvider HHH000021: Bytecode provider name : javassist
15-May-2016 01:08:13.055 INFO [http-nio-8080-exec-46] org.hibernate.service.jdbc.connections.internal.DriverManagerConnectionProviderImpl.configure HHH000402: Using Hibernate built-in connection pool (not for production use!)
15-May-2016 01:08:13.060 INFO [http-nio-8080-exec-46] org.hibernate.service.jdbc.connections.internal.DriverManagerConnectionProviderImpl.configure HHH000115: Hibernate connection pool size: 20
15-May-2016 01:08:13.061 INFO [http-nio-8080-exec-46] org.hibernate.service.jdbc.connections.internal.DriverManagerConnectionProviderImpl.configure HHH000006: Autocommit mode: true
15-May-2016 01:08:13.061 INFO [http-nio-8080-exec-46] org.hibernate.service.jdbc.connections.internal.DriverManagerConnectionProviderImpl.configure HHH000401: using driver [com.mysql.jdbc.Driver] at URL [jdbc:mysql://localhost:3306/ponisha?zeroDateTimeBehavior=convertToNull]
15-May-2016 01:08:13.061 INFO [http-nio-8080-exec-46] org.hibernate.service.jdbc.connections.internal.DriverManagerConnectionProviderImpl.configure HHH000046: Connection properties: {user=root, password=****, autocommit=true, release_mode=auto}
15-May-2016 01:08:13.428 INFO [http-nio-8080-exec-46] org.hibernate.dialect.Dialect.<init> HHH000400: Using dialect: org.hibernate.dialect.MySQL5Dialect
15-May-2016 01:08:13.665 INFO [http-nio-8080-exec-46] org.hibernate.engine.transaction.internal.TransactionFactoryInitiator.initiateService HHH000268: Transaction strategy: org.hibernate.engine.transaction.internal.jdbc.JdbcTransactionFactory
15-May-2016 01:08:13.669 INFO [http-nio-8080-exec-46] org.hibernate.hql.internal.ast.ASTQueryTranslatorFactory.<init> HHH000397: Using ASTQueryTranslatorFactory
15-May-2016 01:27:51.768 INFO [http-nio-8080-exec-57] org.apache.catalina.core.StandardContext.reload Reloading Context with name [/FakePonisha] has started
15-May-2016 01:27:51.780 WARNING [http-nio-8080-exec-57] org.apache.catalina.loader.WebappClassLoaderBase.clearReferencesJdbc The web application [FakePonisha] registered the JDBC driver [com.mysql.jdbc.Driver] but failed to unregister it when the web application was stopped. To prevent a memory leak, the JDBC Driver has been forcibly unregistered.
15-May-2016 01:27:51.782 WARNING [http-nio-8080-exec-57] org.apache.catalina.loader.WebappClassLoaderBase.clearReferencesThreads The web application [FakePonisha] appears to have started a thread named [Abandoned connection cleanup thread] but has failed to stop it. This is very likely to create a memory leak. Stack trace of thread:
 java.lang.Object.wait(Native Method)
 java.lang.ref.ReferenceQueue.remove(ReferenceQueue.java:143)
 com.mysql.jdbc.AbandonedConnectionCleanupThread.run(AbandonedConnectionCleanupThread.java:40)
15-May-2016 01:27:52.786 INFO [http-nio-8080-exec-57] org.apache.jasper.servlet.TldScanner.scanJars At least one JAR was scanned for TLDs yet contained no TLDs. Enable debug logging for this logger for a complete list of JARs that were scanned but no TLDs were found in them. Skipping unneeded JARs during scanning can improve startup time and JSP compilation time.
15-May-2016 01:27:52.791 INFO [http-nio-8080-exec-57] org.apache.catalina.core.StandardContext.reload Reloading Context with name [/FakePonisha] is completed
15-May-2016 01:27:52.903 INFO [http-nio-8080-exec-56] org.apache.catalina.core.StandardContext.reload Reloading Context with name [/FakePonisha] has started
15-May-2016 01:27:54.139 INFO [http-nio-8080-exec-56] org.apache.jasper.servlet.TldScanner.scanJars At least one JAR was scanned for TLDs yet contained no TLDs. Enable debug logging for this logger for a complete list of JARs that were scanned but no TLDs were found in them. Skipping unneeded JARs during scanning can improve startup time and JSP compilation time.
15-May-2016 01:27:54.151 INFO [http-nio-8080-exec-56] org.apache.catalina.core.StandardContext.reload Reloading Context with name [/FakePonisha] is completed
15-May-2016 01:32:46.108 INFO [http-nio-8080-exec-66] org.apache.catalina.core.StandardContext.reload Reloading Context with name [/FakePonisha] has started
15-May-2016 01:32:47.007 INFO [http-nio-8080-exec-66] org.apache.jasper.servlet.TldScanner.scanJars At least one JAR was scanned for TLDs yet contained no TLDs. Enable debug logging for this logger for a complete list of JARs that were scanned but no TLDs were found in them. Skipping unneeded JARs during scanning can improve startup time and JSP compilation time.
15-May-2016 01:32:47.019 INFO [http-nio-8080-exec-66] org.apache.catalina.core.StandardContext.reload Reloading Context with name [/FakePonisha] is completed
15-May-2016 01:35:41.965 INFO [http-nio-8080-exec-78] org.apache.catalina.core.StandardContext.reload Reloading Context with name [/FakePonisha] has started
15-May-2016 01:35:42.901 INFO [http-nio-8080-exec-78] org.apache.jasper.servlet.TldScanner.scanJars At least one JAR was scanned for TLDs yet contained no TLDs. Enable debug logging for this logger for a complete list of JARs that were scanned but no TLDs were found in them. Skipping unneeded JARs during scanning can improve startup time and JSP compilation time.
15-May-2016 01:35:42.910 INFO [http-nio-8080-exec-78] org.apache.catalina.core.StandardContext.reload Reloading Context with name [/FakePonisha] is completed
15-May-2016 01:39:49.210 INFO [http-nio-8080-exec-85] org.apache.catalina.core.StandardContext.reload Reloading Context with name [/FakePonisha] has started
15-May-2016 01:39:50.188 INFO [http-nio-8080-exec-85] org.apache.jasper.servlet.TldScanner.scanJars At least one JAR was scanned for TLDs yet contained no TLDs. Enable debug logging for this logger for a complete list of JARs that were scanned but no TLDs were found in them. Skipping unneeded JARs during scanning can improve startup time and JSP compilation time.
15-May-2016 01:39:50.193 INFO [http-nio-8080-exec-85] org.apache.catalina.core.StandardContext.reload Reloading Context with name [/FakePonisha] is completed
15-May-2016 01:40:14.863 INFO [http-nio-8080-exec-87] org.apache.catalina.core.StandardContext.reload Reloading Context with name [/FakePonisha] has started
15-May-2016 01:40:15.632 INFO [http-nio-8080-exec-87] org.apache.jasper.servlet.TldScanner.scanJars At least one JAR was scanned for TLDs yet contained no TLDs. Enable debug logging for this logger for a complete list of JARs that were scanned but no TLDs were found in them. Skipping unneeded JARs during scanning can improve startup time and JSP compilation time.
15-May-2016 01:40:15.636 INFO [http-nio-8080-exec-87] org.apache.catalina.core.StandardContext.reload Reloading Context with name [/FakePonisha] is completed
15-May-2016 01:40:16.308 INFO [http-nio-8080-exec-83] org.apache.catalina.startup.HostConfig.undeploy Undeploying context [/FakePonisha]
15-May-2016 01:41:00.208 INFO [http-nio-8080-exec-92] org.apache.catalina.startup.HostConfig.deployDescriptor Deploying configuration descriptor /Users/apple/Desktop/Ponisha/apache-tomcat-8.0.33/conf/Catalina/localhost/FakePonisha.xml
15-May-2016 01:41:00.212 WARNING [http-nio-8080-exec-92] org.apache.catalina.startup.SetContextPropertiesRule.begin [SetContextPropertiesRule]{Context} Setting property 'antiJARLocking' to 'true' did not find a matching property.
15-May-2016 01:41:00.773 INFO [http-nio-8080-exec-92] org.apache.jasper.servlet.TldScanner.scanJars At least one JAR was scanned for TLDs yet contained no TLDs. Enable debug logging for this logger for a complete list of JARs that were scanned but no TLDs were found in them. Skipping unneeded JARs during scanning can improve startup time and JSP compilation time.
15-May-2016 01:41:00.774 INFO [http-nio-8080-exec-92] org.apache.catalina.startup.HostConfig.deployDescriptor Deployment of configuration descriptor /Users/apple/Desktop/Ponisha/apache-tomcat-8.0.33/conf/Catalina/localhost/FakePonisha.xml has finished in 566 ms
15-May-2016 01:41:00.798 INFO [http-nio-8080-exec-86] org.apache.catalina.util.LifecycleBase.start The start() method was called on component [StandardEngine[Catalina].StandardHost[localhost].StandardContext[/FakePonisha]] after start() had already been called. The second call will be ignored.
15-May-2016 01:41:27.582 INFO [http-nio-8080-exec-87] org.hibernate.annotations.common.Version.<clinit> HCANN000001: Hibernate Commons Annotations {4.0.2.Final}
15-May-2016 01:41:27.588 INFO [http-nio-8080-exec-87] org.hibernate.Version.logVersion HHH000412: Hibernate Core {4.2.8.Final}
15-May-2016 01:41:27.592 INFO [http-nio-8080-exec-87] org.hibernate.cfg.Environment.<clinit> HHH000206: hibernate.properties not found
15-May-2016 01:41:27.594 INFO [http-nio-8080-exec-87] org.hibernate.cfg.Environment.buildBytecodeProvider HHH000021: Bytecode provider name : javassist
15-May-2016 01:41:27.733 INFO [http-nio-8080-exec-87] org.hibernate.service.jdbc.connections.internal.DriverManagerConnectionProviderImpl.configure HHH000402: Using Hibernate built-in connection pool (not for production use!)
15-May-2016 01:41:27.736 INFO [http-nio-8080-exec-87] org.hibernate.service.jdbc.connections.internal.DriverManagerConnectionProviderImpl.configure HHH000115: Hibernate connection pool size: 20
15-May-2016 01:41:27.736 INFO [http-nio-8080-exec-87] org.hibernate.service.jdbc.connections.internal.DriverManagerConnectionProviderImpl.configure HHH000006: Autocommit mode: true
15-May-2016 01:41:27.736 INFO [http-nio-8080-exec-87] org.hibernate.service.jdbc.connections.internal.DriverManagerConnectionProviderImpl.configure HHH000401: using driver [com.mysql.jdbc.Driver] at URL [jdbc:mysql://localhost:3306/ponisha?zeroDateTimeBehavior=convertToNull]
15-May-2016 01:41:27.736 INFO [http-nio-8080-exec-87] org.hibernate.service.jdbc.connections.internal.DriverManagerConnectionProviderImpl.configure HHH000046: Connection properties: {user=root, password=****, autocommit=true, release_mode=auto}
15-May-2016 01:41:28.003 INFO [http-nio-8080-exec-87] org.hibernate.dialect.Dialect.<init> HHH000400: Using dialect: org.hibernate.dialect.MySQL5Dialect
15-May-2016 01:41:28.167 INFO [http-nio-8080-exec-87] org.hibernate.engine.transaction.internal.TransactionFactoryInitiator.initiateService HHH000268: Transaction strategy: org.hibernate.engine.transaction.internal.jdbc.JdbcTransactionFactory
15-May-2016 01:41:28.172 INFO [http-nio-8080-exec-87] org.hibernate.hql.internal.ast.ASTQueryTranslatorFactory.<init> HHH000397: Using ASTQueryTranslatorFactory
