12-May-2016 02:48:55.491 INFO [localhost-startStop-1] org.apache.catalina.core.ApplicationContext.log ContextListener: contextInitialized()
12-May-2016 02:48:55.492 INFO [localhost-startStop-1] org.apache.catalina.core.ApplicationContext.log SessionListener: contextInitialized()
12-May-2016 02:49:56.841 INFO [localhost-startStop-2] org.apache.catalina.core.ApplicationContext.log SessionListener: contextDestroyed()
12-May-2016 02:49:56.841 INFO [localhost-startStop-2] org.apache.catalina.core.ApplicationContext.log ContextListener: contextDestroyed()
12-May-2016 02:50:04.829 INFO [localhost-startStop-1] org.apache.catalina.core.ApplicationContext.log ContextListener: contextInitialized()
12-May-2016 02:50:04.831 INFO [localhost-startStop-1] org.apache.catalina.core.ApplicationContext.log SessionListener: contextInitialized()
12-May-2016 02:55:06.119 SEVERE [http-nio-8080-exec-19] org.apache.catalina.core.StandardWrapperValve.invoke Servlet.service() for servlet [jsp] in context with path [/JspMavenProject] threw exception [Unable to compile class for JSP: 

An error occurred at line: [14] in the generated java file: [/Users/apple/Desktop/Ponisha/apache-tomcat-8.0.33/work/Catalina/localhost/JspMavenProject/org/apache/jsp/index_jsp.java]
Only a type can be imported. ir.ac.sbu.jspmavenproject.BookService resolves to a package

An error occurred at line: [15] in the generated java file: [/Users/apple/Desktop/Ponisha/apache-tomcat-8.0.33/work/Catalina/localhost/JspMavenProject/org/apache/jsp/index_jsp.java]
Only a type can be imported. ir.ac.sbu.jspmavenproject.Book resolves to a package

An error occurred at line: 18 in the jsp file: /index.jsp
Book cannot be resolved to a type
15:     </head>
16:     <body>
17:         <%
18:         Book book1 = new Book();
19:         book1.setId("1");
20:         book1.setTitle("The Brothers Karamazov");
21:         book1.setAuthor("Fyodor Dostoevsky");


An error occurred at line: 18 in the jsp file: /index.jsp
Book cannot be resolved to a type
15:     </head>
16:     <body>
17:         <%
18:         Book book1 = new Book();
19:         book1.setId("1");
20:         book1.setTitle("The Brothers Karamazov");
21:         book1.setAuthor("Fyodor Dostoevsky");


An error occurred at line: 23 in the jsp file: /index.jsp
BookService cannot be resolved to a type
20:         book1.setTitle("The Brothers Karamazov");
21:         book1.setAuthor("Fyodor Dostoevsky");
22:         
23:         BookService bookService = new BookService();
24:         bookService.persist(book1);
25:         %>
26:         <h1>Hello World!</h1>


An error occurred at line: 23 in the jsp file: /index.jsp
BookService cannot be resolved to a type
20:         book1.setTitle("The Brothers Karamazov");
21:         book1.setAuthor("Fyodor Dostoevsky");
22:         
23:         BookService bookService = new BookService();
24:         bookService.persist(book1);
25:         %>
26:         <h1>Hello World!</h1>


Stacktrace:] with root cause
 org.apache.jasper.JasperException: Unable to compile class for JSP: 

An error occurred at line: [14] in the generated java file: [/Users/apple/Desktop/Ponisha/apache-tomcat-8.0.33/work/Catalina/localhost/JspMavenProject/org/apache/jsp/index_jsp.java]
Only a type can be imported. ir.ac.sbu.jspmavenproject.BookService resolves to a package

An error occurred at line: [15] in the generated java file: [/Users/apple/Desktop/Ponisha/apache-tomcat-8.0.33/work/Catalina/localhost/JspMavenProject/org/apache/jsp/index_jsp.java]
Only a type can be imported. ir.ac.sbu.jspmavenproject.Book resolves to a package

An error occurred at line: 18 in the jsp file: /index.jsp
Book cannot be resolved to a type
15:     </head>
16:     <body>
17:         <%
18:         Book book1 = new Book();
19:         book1.setId("1");
20:         book1.setTitle("The Brothers Karamazov");
21:         book1.setAuthor("Fyodor Dostoevsky");


An error occurred at line: 18 in the jsp file: /index.jsp
Book cannot be resolved to a type
15:     </head>
16:     <body>
17:         <%
18:         Book book1 = new Book();
19:         book1.setId("1");
20:         book1.setTitle("The Brothers Karamazov");
21:         book1.setAuthor("Fyodor Dostoevsky");


An error occurred at line: 23 in the jsp file: /index.jsp
BookService cannot be resolved to a type
20:         book1.setTitle("The Brothers Karamazov");
21:         book1.setAuthor("Fyodor Dostoevsky");
22:         
23:         BookService bookService = new BookService();
24:         bookService.persist(book1);
25:         %>
26:         <h1>Hello World!</h1>


An error occurred at line: 23 in the jsp file: /index.jsp
BookService cannot be resolved to a type
20:         book1.setTitle("The Brothers Karamazov");
21:         book1.setAuthor("Fyodor Dostoevsky");
22:         
23:         BookService bookService = new BookService();
24:         bookService.persist(book1);
25:         %>
26:         <h1>Hello World!</h1>


Stacktrace:
	at org.apache.jasper.compiler.DefaultErrorHandler.javacError(DefaultErrorHandler.java:102)
	at org.apache.jasper.compiler.ErrorDispatcher.javacError(ErrorDispatcher.java:198)
	at org.apache.jasper.compiler.JDTCompiler.generateClass(JDTCompiler.java:457)
	at org.apache.jasper.compiler.Compiler.compile(Compiler.java:361)
	at org.apache.jasper.compiler.Compiler.compile(Compiler.java:336)
	at org.apache.jasper.compiler.Compiler.compile(Compiler.java:323)
	at org.apache.jasper.JspCompilationContext.compile(JspCompilationContext.java:585)
	at org.apache.jasper.servlet.JspServletWrapper.service(JspServletWrapper.java:363)
	at org.apache.jasper.servlet.JspServlet.serviceJspFile(JspServlet.java:396)
	at org.apache.jasper.servlet.JspServlet.service(JspServlet.java:340)
	at javax.servlet.http.HttpServlet.service(HttpServlet.java:729)
	at org.apache.catalina.core.ApplicationFilterChain.internalDoFilter(ApplicationFilterChain.java:292)
	at org.apache.catalina.core.ApplicationFilterChain.doFilter(ApplicationFilterChain.java:207)
	at org.apache.tomcat.websocket.server.WsFilter.doFilter(WsFilter.java:52)
	at org.apache.catalina.core.ApplicationFilterChain.internalDoFilter(ApplicationFilterChain.java:240)
	at org.apache.catalina.core.ApplicationFilterChain.doFilter(ApplicationFilterChain.java:207)
	at org.apache.catalina.core.StandardWrapperValve.invoke(StandardWrapperValve.java:212)
	at org.apache.catalina.core.StandardContextValve.invoke(StandardContextValve.java:106)
	at org.apache.catalina.authenticator.AuthenticatorBase.invoke(AuthenticatorBase.java:502)
	at org.apache.catalina.core.StandardHostValve.invoke(StandardHostValve.java:141)
	at org.apache.catalina.valves.ErrorReportValve.invoke(ErrorReportValve.java:79)
	at org.apache.catalina.valves.AbstractAccessLogValve.invoke(AbstractAccessLogValve.java:616)
	at org.apache.catalina.core.StandardEngineValve.invoke(StandardEngineValve.java:88)
	at org.apache.catalina.connector.CoyoteAdapter.service(CoyoteAdapter.java:522)
	at org.apache.coyote.http11.AbstractHttp11Processor.process(AbstractHttp11Processor.java:1095)
	at org.apache.coyote.AbstractProtocol$AbstractConnectionHandler.process(AbstractProtocol.java:672)
	at org.apache.tomcat.util.net.NioEndpoint$SocketProcessor.doRun(NioEndpoint.java:1502)
	at org.apache.tomcat.util.net.NioEndpoint$SocketProcessor.run(NioEndpoint.java:1458)
	at java.util.concurrent.ThreadPoolExecutor.runWorker(ThreadPoolExecutor.java:1142)
	at java.util.concurrent.ThreadPoolExecutor$Worker.run(ThreadPoolExecutor.java:617)
	at org.apache.tomcat.util.threads.TaskThread$WrappingRunnable.run(TaskThread.java:61)
	at java.lang.Thread.run(Thread.java:745)

12-May-2016 02:59:59.456 SEVERE [http-nio-8080-exec-25] org.apache.catalina.core.StandardWrapperValve.invoke Servlet.service() for servlet [jsp] in context with path [/JspMavenProject] threw exception [Unable to compile class for JSP: 

An error occurred at line: [14] in the generated java file: [/Users/apple/Desktop/Ponisha/apache-tomcat-8.0.33/work/Catalina/localhost/JspMavenProject/org/apache/jsp/index_jsp.java]
Only a type can be imported. ir.ac.sbu.jspmavenproject.Book resolves to a package

An error occurred at line: [15] in the generated java file: [/Users/apple/Desktop/Ponisha/apache-tomcat-8.0.33/work/Catalina/localhost/JspMavenProject/org/apache/jsp/index_jsp.java]
Only a type can be imported. ir.ac.sbu.jspmavenproject.BookService resolves to a package

An error occurred at line: 20 in the jsp file: /index.jsp
Book cannot be resolved to a type
17:     </head>
18:     <body>
19:         <%
20:         Book book1 = new Book();
21:         book1.setId("1");
22:         book1.setTitle("The Brothers Karamazov");
23:         book1.setAuthor("Fyodor Dostoevsky");


An error occurred at line: 20 in the jsp file: /index.jsp
Book cannot be resolved to a type
17:     </head>
18:     <body>
19:         <%
20:         Book book1 = new Book();
21:         book1.setId("1");
22:         book1.setTitle("The Brothers Karamazov");
23:         book1.setAuthor("Fyodor Dostoevsky");


An error occurred at line: 25 in the jsp file: /index.jsp
BookService cannot be resolved to a type
22:         book1.setTitle("The Brothers Karamazov");
23:         book1.setAuthor("Fyodor Dostoevsky");
24:         
25:         BookService bookService = new BookService();
26:         bookService.persist(book1);
27:         %>
28:         <h1>Hello World!</h1>


An error occurred at line: 25 in the jsp file: /index.jsp
BookService cannot be resolved to a type
22:         book1.setTitle("The Brothers Karamazov");
23:         book1.setAuthor("Fyodor Dostoevsky");
24:         
25:         BookService bookService = new BookService();
26:         bookService.persist(book1);
27:         %>
28:         <h1>Hello World!</h1>


Stacktrace:] with root cause
 org.apache.jasper.JasperException: Unable to compile class for JSP: 

An error occurred at line: [14] in the generated java file: [/Users/apple/Desktop/Ponisha/apache-tomcat-8.0.33/work/Catalina/localhost/JspMavenProject/org/apache/jsp/index_jsp.java]
Only a type can be imported. ir.ac.sbu.jspmavenproject.Book resolves to a package

An error occurred at line: [15] in the generated java file: [/Users/apple/Desktop/Ponisha/apache-tomcat-8.0.33/work/Catalina/localhost/JspMavenProject/org/apache/jsp/index_jsp.java]
Only a type can be imported. ir.ac.sbu.jspmavenproject.BookService resolves to a package

An error occurred at line: 20 in the jsp file: /index.jsp
Book cannot be resolved to a type
17:     </head>
18:     <body>
19:         <%
20:         Book book1 = new Book();
21:         book1.setId("1");
22:         book1.setTitle("The Brothers Karamazov");
23:         book1.setAuthor("Fyodor Dostoevsky");


An error occurred at line: 20 in the jsp file: /index.jsp
Book cannot be resolved to a type
17:     </head>
18:     <body>
19:         <%
20:         Book book1 = new Book();
21:         book1.setId("1");
22:         book1.setTitle("The Brothers Karamazov");
23:         book1.setAuthor("Fyodor Dostoevsky");


An error occurred at line: 25 in the jsp file: /index.jsp
BookService cannot be resolved to a type
22:         book1.setTitle("The Brothers Karamazov");
23:         book1.setAuthor("Fyodor Dostoevsky");
24:         
25:         BookService bookService = new BookService();
26:         bookService.persist(book1);
27:         %>
28:         <h1>Hello World!</h1>


An error occurred at line: 25 in the jsp file: /index.jsp
BookService cannot be resolved to a type
22:         book1.setTitle("The Brothers Karamazov");
23:         book1.setAuthor("Fyodor Dostoevsky");
24:         
25:         BookService bookService = new BookService();
26:         bookService.persist(book1);
27:         %>
28:         <h1>Hello World!</h1>


Stacktrace:
	at org.apache.jasper.compiler.DefaultErrorHandler.javacError(DefaultErrorHandler.java:102)
	at org.apache.jasper.compiler.ErrorDispatcher.javacError(ErrorDispatcher.java:198)
	at org.apache.jasper.compiler.JDTCompiler.generateClass(JDTCompiler.java:457)
	at org.apache.jasper.compiler.Compiler.compile(Compiler.java:361)
	at org.apache.jasper.compiler.Compiler.compile(Compiler.java:336)
	at org.apache.jasper.compiler.Compiler.compile(Compiler.java:323)
	at org.apache.jasper.JspCompilationContext.compile(JspCompilationContext.java:585)
	at org.apache.jasper.servlet.JspServletWrapper.service(JspServletWrapper.java:363)
	at org.apache.jasper.servlet.JspServlet.serviceJspFile(JspServlet.java:396)
	at org.apache.jasper.servlet.JspServlet.service(JspServlet.java:340)
	at javax.servlet.http.HttpServlet.service(HttpServlet.java:729)
	at org.apache.catalina.core.ApplicationFilterChain.internalDoFilter(ApplicationFilterChain.java:292)
	at org.apache.catalina.core.ApplicationFilterChain.doFilter(ApplicationFilterChain.java:207)
	at org.apache.tomcat.websocket.server.WsFilter.doFilter(WsFilter.java:52)
	at org.apache.catalina.core.ApplicationFilterChain.internalDoFilter(ApplicationFilterChain.java:240)
	at org.apache.catalina.core.ApplicationFilterChain.doFilter(ApplicationFilterChain.java:207)
	at org.apache.catalina.core.StandardWrapperValve.invoke(StandardWrapperValve.java:212)
	at org.apache.catalina.core.StandardContextValve.invoke(StandardContextValve.java:106)
	at org.apache.catalina.authenticator.AuthenticatorBase.invoke(AuthenticatorBase.java:502)
	at org.apache.catalina.core.StandardHostValve.invoke(StandardHostValve.java:141)
	at org.apache.catalina.valves.ErrorReportValve.invoke(ErrorReportValve.java:79)
	at org.apache.catalina.valves.AbstractAccessLogValve.invoke(AbstractAccessLogValve.java:616)
	at org.apache.catalina.core.StandardEngineValve.invoke(StandardEngineValve.java:88)
	at org.apache.catalina.connector.CoyoteAdapter.service(CoyoteAdapter.java:522)
	at org.apache.coyote.http11.AbstractHttp11Processor.process(AbstractHttp11Processor.java:1095)
	at org.apache.coyote.AbstractProtocol$AbstractConnectionHandler.process(AbstractProtocol.java:672)
	at org.apache.tomcat.util.net.NioEndpoint$SocketProcessor.doRun(NioEndpoint.java:1502)
	at org.apache.tomcat.util.net.NioEndpoint$SocketProcessor.run(NioEndpoint.java:1458)
	at java.util.concurrent.ThreadPoolExecutor.runWorker(ThreadPoolExecutor.java:1142)
	at java.util.concurrent.ThreadPoolExecutor$Worker.run(ThreadPoolExecutor.java:617)
	at org.apache.tomcat.util.threads.TaskThread$WrappingRunnable.run(TaskThread.java:61)
	at java.lang.Thread.run(Thread.java:745)

12-May-2016 03:00:25.683 SEVERE [http-nio-8080-exec-11] org.apache.catalina.core.StandardWrapperValve.invoke Servlet.service() for servlet [jsp] in context with path [/JspMavenProject] threw exception [Unable to compile class for JSP: 

An error occurred at line: [14] in the generated java file: [/Users/apple/Desktop/Ponisha/apache-tomcat-8.0.33/work/Catalina/localhost/JspMavenProject/org/apache/jsp/index_jsp.java]
Only a type can be imported. ir.ac.sbu.jspmavenproject.Book resolves to a package

An error occurred at line: [15] in the generated java file: [/Users/apple/Desktop/Ponisha/apache-tomcat-8.0.33/work/Catalina/localhost/JspMavenProject/org/apache/jsp/index_jsp.java]
Only a type can be imported. ir.ac.sbu.jspmavenproject.BookService resolves to a package

An error occurred at line: 20 in the jsp file: /index.jsp
Book cannot be resolved to a type
17:     </head>
18:     <body>
19:         <%
20:         Book book1 = new Book();
21:         book1.setId("1");
22:         book1.setTitle("The Brothers Karamazov");
23:         book1.setAuthor("Fyodor Dostoevsky");


An error occurred at line: 20 in the jsp file: /index.jsp
Book cannot be resolved to a type
17:     </head>
18:     <body>
19:         <%
20:         Book book1 = new Book();
21:         book1.setId("1");
22:         book1.setTitle("The Brothers Karamazov");
23:         book1.setAuthor("Fyodor Dostoevsky");


An error occurred at line: 25 in the jsp file: /index.jsp
BookService cannot be resolved to a type
22:         book1.setTitle("The Brothers Karamazov");
23:         book1.setAuthor("Fyodor Dostoevsky");
24:         
25:         BookService bookService = new BookService();
26:         bookService.persist(book1);
27:         %>
28:         <h1>Hello World!</h1>


An error occurred at line: 25 in the jsp file: /index.jsp
BookService cannot be resolved to a type
22:         book1.setTitle("The Brothers Karamazov");
23:         book1.setAuthor("Fyodor Dostoevsky");
24:         
25:         BookService bookService = new BookService();
26:         bookService.persist(book1);
27:         %>
28:         <h1>Hello World!</h1>


Stacktrace:] with root cause
 org.apache.jasper.JasperException: Unable to compile class for JSP: 

An error occurred at line: [14] in the generated java file: [/Users/apple/Desktop/Ponisha/apache-tomcat-8.0.33/work/Catalina/localhost/JspMavenProject/org/apache/jsp/index_jsp.java]
Only a type can be imported. ir.ac.sbu.jspmavenproject.Book resolves to a package

An error occurred at line: [15] in the generated java file: [/Users/apple/Desktop/Ponisha/apache-tomcat-8.0.33/work/Catalina/localhost/JspMavenProject/org/apache/jsp/index_jsp.java]
Only a type can be imported. ir.ac.sbu.jspmavenproject.BookService resolves to a package

An error occurred at line: 20 in the jsp file: /index.jsp
Book cannot be resolved to a type
17:     </head>
18:     <body>
19:         <%
20:         Book book1 = new Book();
21:         book1.setId("1");
22:         book1.setTitle("The Brothers Karamazov");
23:         book1.setAuthor("Fyodor Dostoevsky");


An error occurred at line: 20 in the jsp file: /index.jsp
Book cannot be resolved to a type
17:     </head>
18:     <body>
19:         <%
20:         Book book1 = new Book();
21:         book1.setId("1");
22:         book1.setTitle("The Brothers Karamazov");
23:         book1.setAuthor("Fyodor Dostoevsky");


An error occurred at line: 25 in the jsp file: /index.jsp
BookService cannot be resolved to a type
22:         book1.setTitle("The Brothers Karamazov");
23:         book1.setAuthor("Fyodor Dostoevsky");
24:         
25:         BookService bookService = new BookService();
26:         bookService.persist(book1);
27:         %>
28:         <h1>Hello World!</h1>


An error occurred at line: 25 in the jsp file: /index.jsp
BookService cannot be resolved to a type
22:         book1.setTitle("The Brothers Karamazov");
23:         book1.setAuthor("Fyodor Dostoevsky");
24:         
25:         BookService bookService = new BookService();
26:         bookService.persist(book1);
27:         %>
28:         <h1>Hello World!</h1>


Stacktrace:
	at org.apache.jasper.compiler.DefaultErrorHandler.javacError(DefaultErrorHandler.java:102)
	at org.apache.jasper.compiler.ErrorDispatcher.javacError(ErrorDispatcher.java:198)
	at org.apache.jasper.compiler.JDTCompiler.generateClass(JDTCompiler.java:457)
	at org.apache.jasper.compiler.Compiler.compile(Compiler.java:361)
	at org.apache.jasper.compiler.Compiler.compile(Compiler.java:336)
	at org.apache.jasper.compiler.Compiler.compile(Compiler.java:323)
	at org.apache.jasper.JspCompilationContext.compile(JspCompilationContext.java:585)
	at org.apache.jasper.servlet.JspServletWrapper.service(JspServletWrapper.java:363)
	at org.apache.jasper.servlet.JspServlet.serviceJspFile(JspServlet.java:396)
	at org.apache.jasper.servlet.JspServlet.service(JspServlet.java:340)
	at javax.servlet.http.HttpServlet.service(HttpServlet.java:729)
	at org.apache.catalina.core.ApplicationFilterChain.internalDoFilter(ApplicationFilterChain.java:292)
	at org.apache.catalina.core.ApplicationFilterChain.doFilter(ApplicationFilterChain.java:207)
	at org.apache.tomcat.websocket.server.WsFilter.doFilter(WsFilter.java:52)
	at org.apache.catalina.core.ApplicationFilterChain.internalDoFilter(ApplicationFilterChain.java:240)
	at org.apache.catalina.core.ApplicationFilterChain.doFilter(ApplicationFilterChain.java:207)
	at org.apache.catalina.core.StandardWrapperValve.invoke(StandardWrapperValve.java:212)
	at org.apache.catalina.core.StandardContextValve.invoke(StandardContextValve.java:106)
	at org.apache.catalina.authenticator.AuthenticatorBase.invoke(AuthenticatorBase.java:502)
	at org.apache.catalina.core.StandardHostValve.invoke(StandardHostValve.java:141)
	at org.apache.catalina.valves.ErrorReportValve.invoke(ErrorReportValve.java:79)
	at org.apache.catalina.valves.AbstractAccessLogValve.invoke(AbstractAccessLogValve.java:616)
	at org.apache.catalina.core.StandardEngineValve.invoke(StandardEngineValve.java:88)
	at org.apache.catalina.connector.CoyoteAdapter.service(CoyoteAdapter.java:522)
	at org.apache.coyote.http11.AbstractHttp11Processor.process(AbstractHttp11Processor.java:1095)
	at org.apache.coyote.AbstractProtocol$AbstractConnectionHandler.process(AbstractProtocol.java:672)
	at org.apache.tomcat.util.net.NioEndpoint$SocketProcessor.doRun(NioEndpoint.java:1502)
	at org.apache.tomcat.util.net.NioEndpoint$SocketProcessor.run(NioEndpoint.java:1458)
	at java.util.concurrent.ThreadPoolExecutor.runWorker(ThreadPoolExecutor.java:1142)
	at java.util.concurrent.ThreadPoolExecutor$Worker.run(ThreadPoolExecutor.java:617)
	at org.apache.tomcat.util.threads.TaskThread$WrappingRunnable.run(TaskThread.java:61)
	at java.lang.Thread.run(Thread.java:745)

12-May-2016 03:01:36.511 SEVERE [http-nio-8080-exec-33] org.apache.catalina.core.StandardWrapperValve.invoke Servlet.service() for servlet [jsp] in context with path [/JspMavenProject] threw exception [Unable to compile class for JSP: 

An error occurred at line: [14] in the generated java file: [/Users/apple/Desktop/Ponisha/apache-tomcat-8.0.33/work/Catalina/localhost/JspMavenProject/org/apache/jsp/index_jsp.java]
Only a type can be imported. ir.ac.sbu.jspmavenproject.Book resolves to a package

An error occurred at line: [15] in the generated java file: [/Users/apple/Desktop/Ponisha/apache-tomcat-8.0.33/work/Catalina/localhost/JspMavenProject/org/apache/jsp/index_jsp.java]
Only a type can be imported. ir.ac.sbu.jspmavenproject.BookService resolves to a package

Stacktrace:] with root cause
 org.apache.jasper.JasperException: Unable to compile class for JSP: 

An error occurred at line: [14] in the generated java file: [/Users/apple/Desktop/Ponisha/apache-tomcat-8.0.33/work/Catalina/localhost/JspMavenProject/org/apache/jsp/index_jsp.java]
Only a type can be imported. ir.ac.sbu.jspmavenproject.Book resolves to a package

An error occurred at line: [15] in the generated java file: [/Users/apple/Desktop/Ponisha/apache-tomcat-8.0.33/work/Catalina/localhost/JspMavenProject/org/apache/jsp/index_jsp.java]
Only a type can be imported. ir.ac.sbu.jspmavenproject.BookService resolves to a package

Stacktrace:
	at org.apache.jasper.compiler.DefaultErrorHandler.javacError(DefaultErrorHandler.java:102)
	at org.apache.jasper.compiler.ErrorDispatcher.javacError(ErrorDispatcher.java:198)
	at org.apache.jasper.compiler.JDTCompiler.generateClass(JDTCompiler.java:457)
	at org.apache.jasper.compiler.Compiler.compile(Compiler.java:361)
	at org.apache.jasper.compiler.Compiler.compile(Compiler.java:336)
	at org.apache.jasper.compiler.Compiler.compile(Compiler.java:323)
	at org.apache.jasper.JspCompilationContext.compile(JspCompilationContext.java:585)
	at org.apache.jasper.servlet.JspServletWrapper.service(JspServletWrapper.java:363)
	at org.apache.jasper.servlet.JspServlet.serviceJspFile(JspServlet.java:396)
	at org.apache.jasper.servlet.JspServlet.service(JspServlet.java:340)
	at javax.servlet.http.HttpServlet.service(HttpServlet.java:729)
	at org.apache.catalina.core.ApplicationFilterChain.internalDoFilter(ApplicationFilterChain.java:292)
	at org.apache.catalina.core.ApplicationFilterChain.doFilter(ApplicationFilterChain.java:207)
	at org.apache.tomcat.websocket.server.WsFilter.doFilter(WsFilter.java:52)
	at org.apache.catalina.core.ApplicationFilterChain.internalDoFilter(ApplicationFilterChain.java:240)
	at org.apache.catalina.core.ApplicationFilterChain.doFilter(ApplicationFilterChain.java:207)
	at org.apache.catalina.core.StandardWrapperValve.invoke(StandardWrapperValve.java:212)
	at org.apache.catalina.core.StandardContextValve.invoke(StandardContextValve.java:106)
	at org.apache.catalina.authenticator.AuthenticatorBase.invoke(AuthenticatorBase.java:502)
	at org.apache.catalina.core.StandardHostValve.invoke(StandardHostValve.java:141)
	at org.apache.catalina.valves.ErrorReportValve.invoke(ErrorReportValve.java:79)
	at org.apache.catalina.valves.AbstractAccessLogValve.invoke(AbstractAccessLogValve.java:616)
	at org.apache.catalina.core.StandardEngineValve.invoke(StandardEngineValve.java:88)
	at org.apache.catalina.connector.CoyoteAdapter.service(CoyoteAdapter.java:522)
	at org.apache.coyote.http11.AbstractHttp11Processor.process(AbstractHttp11Processor.java:1095)
	at org.apache.coyote.AbstractProtocol$AbstractConnectionHandler.process(AbstractProtocol.java:672)
	at org.apache.tomcat.util.net.NioEndpoint$SocketProcessor.doRun(NioEndpoint.java:1502)
	at org.apache.tomcat.util.net.NioEndpoint$SocketProcessor.run(NioEndpoint.java:1458)
	at java.util.concurrent.ThreadPoolExecutor.runWorker(ThreadPoolExecutor.java:1142)
	at java.util.concurrent.ThreadPoolExecutor$Worker.run(ThreadPoolExecutor.java:617)
	at org.apache.tomcat.util.threads.TaskThread$WrappingRunnable.run(TaskThread.java:61)
	at java.lang.Thread.run(Thread.java:745)

12-May-2016 03:01:39.752 SEVERE [http-nio-8080-exec-34] org.apache.catalina.core.StandardWrapperValve.invoke Servlet.service() for servlet [jsp] in context with path [/JspMavenProject] threw exception [java.lang.ClassNotFoundException: org.apache.jsp.index_jsp] with root cause
 java.lang.ClassNotFoundException: org.apache.jsp.index_jsp
	at java.net.URLClassLoader.findClass(URLClassLoader.java:381)
	at org.apache.jasper.servlet.JasperLoader.loadClass(JasperLoader.java:131)
	at org.apache.jasper.servlet.JasperLoader.loadClass(JasperLoader.java:62)
	at org.apache.catalina.core.DefaultInstanceManager.newInstance(DefaultInstanceManager.java:127)
	at org.apache.jasper.servlet.JspServletWrapper.getServlet(JspServletWrapper.java:171)
	at org.apache.jasper.servlet.JspServletWrapper.service(JspServletWrapper.java:375)
	at org.apache.jasper.servlet.JspServlet.serviceJspFile(JspServlet.java:396)
	at org.apache.jasper.servlet.JspServlet.service(JspServlet.java:340)
	at javax.servlet.http.HttpServlet.service(HttpServlet.java:729)
	at org.apache.catalina.core.ApplicationFilterChain.internalDoFilter(ApplicationFilterChain.java:292)
	at org.apache.catalina.core.ApplicationFilterChain.doFilter(ApplicationFilterChain.java:207)
	at org.apache.tomcat.websocket.server.WsFilter.doFilter(WsFilter.java:52)
	at org.apache.catalina.core.ApplicationFilterChain.internalDoFilter(ApplicationFilterChain.java:240)
	at org.apache.catalina.core.ApplicationFilterChain.doFilter(ApplicationFilterChain.java:207)
	at org.apache.catalina.core.StandardWrapperValve.invoke(StandardWrapperValve.java:212)
	at org.apache.catalina.core.StandardContextValve.invoke(StandardContextValve.java:106)
	at org.apache.catalina.authenticator.AuthenticatorBase.invoke(AuthenticatorBase.java:502)
	at org.apache.catalina.core.StandardHostValve.invoke(StandardHostValve.java:141)
	at org.apache.catalina.valves.ErrorReportValve.invoke(ErrorReportValve.java:79)
	at org.apache.catalina.valves.AbstractAccessLogValve.invoke(AbstractAccessLogValve.java:616)
	at org.apache.catalina.core.StandardEngineValve.invoke(StandardEngineValve.java:88)
	at org.apache.catalina.connector.CoyoteAdapter.service(CoyoteAdapter.java:522)
	at org.apache.coyote.http11.AbstractHttp11Processor.process(AbstractHttp11Processor.java:1095)
	at org.apache.coyote.AbstractProtocol$AbstractConnectionHandler.process(AbstractProtocol.java:672)
	at org.apache.tomcat.util.net.NioEndpoint$SocketProcessor.doRun(NioEndpoint.java:1502)
	at org.apache.tomcat.util.net.NioEndpoint$SocketProcessor.run(NioEndpoint.java:1458)
	at java.util.concurrent.ThreadPoolExecutor.runWorker(ThreadPoolExecutor.java:1142)
	at java.util.concurrent.ThreadPoolExecutor$Worker.run(ThreadPoolExecutor.java:617)
	at org.apache.tomcat.util.threads.TaskThread$WrappingRunnable.run(TaskThread.java:61)
	at java.lang.Thread.run(Thread.java:745)

12-May-2016 03:06:58.953 SEVERE [http-nio-8080-exec-38] org.apache.catalina.core.StandardWrapperValve.invoke Servlet.service() for servlet [jsp] in context with path [/JspMavenProject] threw exception [Unable to compile class for JSP: 

An error occurred at line: [14] in the generated java file: [/Users/apple/Desktop/Ponisha/apache-tomcat-8.0.33/work/Catalina/localhost/JspMavenProject/org/apache/jsp/index_jsp.java]
Only a type can be imported. ir.ac.sbu.jspmavenproject.Book resolves to a package

An error occurred at line: [15] in the generated java file: [/Users/apple/Desktop/Ponisha/apache-tomcat-8.0.33/work/Catalina/localhost/JspMavenProject/org/apache/jsp/index_jsp.java]
Only a type can be imported. ir.ac.sbu.jspmavenproject.BookService resolves to a package

Stacktrace:] with root cause
 org.apache.jasper.JasperException: Unable to compile class for JSP: 

An error occurred at line: [14] in the generated java file: [/Users/apple/Desktop/Ponisha/apache-tomcat-8.0.33/work/Catalina/localhost/JspMavenProject/org/apache/jsp/index_jsp.java]
Only a type can be imported. ir.ac.sbu.jspmavenproject.Book resolves to a package

An error occurred at line: [15] in the generated java file: [/Users/apple/Desktop/Ponisha/apache-tomcat-8.0.33/work/Catalina/localhost/JspMavenProject/org/apache/jsp/index_jsp.java]
Only a type can be imported. ir.ac.sbu.jspmavenproject.BookService resolves to a package

Stacktrace:
	at org.apache.jasper.compiler.DefaultErrorHandler.javacError(DefaultErrorHandler.java:102)
	at org.apache.jasper.compiler.ErrorDispatcher.javacError(ErrorDispatcher.java:198)
	at org.apache.jasper.compiler.JDTCompiler.generateClass(JDTCompiler.java:457)
	at org.apache.jasper.compiler.Compiler.compile(Compiler.java:361)
	at org.apache.jasper.compiler.Compiler.compile(Compiler.java:336)
	at org.apache.jasper.compiler.Compiler.compile(Compiler.java:323)
	at org.apache.jasper.JspCompilationContext.compile(JspCompilationContext.java:585)
	at org.apache.jasper.servlet.JspServletWrapper.service(JspServletWrapper.java:363)
	at org.apache.jasper.servlet.JspServlet.serviceJspFile(JspServlet.java:396)
	at org.apache.jasper.servlet.JspServlet.service(JspServlet.java:340)
	at javax.servlet.http.HttpServlet.service(HttpServlet.java:729)
	at org.apache.catalina.core.ApplicationFilterChain.internalDoFilter(ApplicationFilterChain.java:292)
	at org.apache.catalina.core.ApplicationFilterChain.doFilter(ApplicationFilterChain.java:207)
	at org.apache.tomcat.websocket.server.WsFilter.doFilter(WsFilter.java:52)
	at org.apache.catalina.core.ApplicationFilterChain.internalDoFilter(ApplicationFilterChain.java:240)
	at org.apache.catalina.core.ApplicationFilterChain.doFilter(ApplicationFilterChain.java:207)
	at org.apache.catalina.core.StandardWrapperValve.invoke(StandardWrapperValve.java:212)
	at org.apache.catalina.core.StandardContextValve.invoke(StandardContextValve.java:106)
	at org.apache.catalina.authenticator.AuthenticatorBase.invoke(AuthenticatorBase.java:502)
	at org.apache.catalina.core.StandardHostValve.invoke(StandardHostValve.java:141)
	at org.apache.catalina.valves.ErrorReportValve.invoke(ErrorReportValve.java:79)
	at org.apache.catalina.valves.AbstractAccessLogValve.invoke(AbstractAccessLogValve.java:616)
	at org.apache.catalina.core.StandardEngineValve.invoke(StandardEngineValve.java:88)
	at org.apache.catalina.connector.CoyoteAdapter.service(CoyoteAdapter.java:522)
	at org.apache.coyote.http11.AbstractHttp11Processor.process(AbstractHttp11Processor.java:1095)
	at org.apache.coyote.AbstractProtocol$AbstractConnectionHandler.process(AbstractProtocol.java:672)
	at org.apache.tomcat.util.net.NioEndpoint$SocketProcessor.doRun(NioEndpoint.java:1502)
	at org.apache.tomcat.util.net.NioEndpoint$SocketProcessor.run(NioEndpoint.java:1458)
	at java.util.concurrent.ThreadPoolExecutor.runWorker(ThreadPoolExecutor.java:1142)
	at java.util.concurrent.ThreadPoolExecutor$Worker.run(ThreadPoolExecutor.java:617)
	at org.apache.tomcat.util.threads.TaskThread$WrappingRunnable.run(TaskThread.java:61)
	at java.lang.Thread.run(Thread.java:745)

12-May-2016 13:42:20.828 INFO [localhost-startStop-2] org.apache.catalina.core.ApplicationContext.log SessionListener: contextDestroyed()
12-May-2016 13:42:20.829 INFO [localhost-startStop-2] org.apache.catalina.core.ApplicationContext.log ContextListener: contextDestroyed()
