14-May-2016 02:46:08.201 INFO [http-nio-8080-exec-209] org.apache.catalina.core.ApplicationContext.log Manager: list: Listing contexts for virtual host 'localhost'
14-May-2016 02:46:08.246 INFO [http-nio-8080-exec-204] org.apache.catalina.core.ApplicationContext.log Manager: restart: Reloading web application '/FakePonisha'
14-May-2016 02:46:09.892 INFO [http-nio-8080-exec-206] org.apache.catalina.core.ApplicationContext.log Manager: list: Listing contexts for virtual host 'localhost'
14-May-2016 02:46:09.982 INFO [http-nio-8080-exec-210] org.apache.catalina.core.ApplicationContext.log Manager: stop: Stopping web application '/FakePonisha'
14-May-2016 02:46:10.063 INFO [http-nio-8080-exec-210] org.apache.catalina.core.ApplicationContext.log Manager: start: Starting web application '/FakePonisha'
14-May-2016 02:48:19.215 INFO [http-nio-8080-exec-205] org.apache.catalina.core.ApplicationContext.log Manager: list: Listing contexts for virtual host 'localhost'
14-May-2016 02:48:19.262 INFO [http-nio-8080-exec-208] org.apache.catalina.core.ApplicationContext.log Manager: stop: Stopping web application '/FakePonisha'
14-May-2016 02:48:19.302 INFO [http-nio-8080-exec-214] org.apache.catalina.core.ApplicationContext.log Manager: start: Starting web application '/FakePonisha'
14-May-2016 02:48:46.064 INFO [http-nio-8080-exec-216] org.apache.catalina.core.ApplicationContext.log Manager: list: Listing contexts for virtual host 'localhost'
14-May-2016 02:48:46.089 INFO [http-nio-8080-exec-220] org.apache.catalina.core.ApplicationContext.log Manager: list: Listing contexts for virtual host 'localhost'
14-May-2016 02:48:46.119 INFO [http-nio-8080-exec-221] org.apache.catalina.core.ApplicationContext.log Manager: undeploy: Undeploying web application at '/FakePonisha'
14-May-2016 02:48:46.656 INFO [http-nio-8080-exec-216] org.apache.catalina.core.ApplicationContext.log Manager: install: Installing context configuration at 'file:/var/folders/v4/ztg__nh11656g4_ddhfmgzrh0000gn/T/context994680292278041750.xml'
14-May-2016 02:48:47.493 INFO [http-nio-8080-exec-205] org.apache.catalina.core.ApplicationContext.log Manager: start: Starting web application '/FakePonisha'
14-May-2016 02:49:48.028 INFO [http-nio-8080-exec-227] org.apache.catalina.core.ApplicationContext.log Manager: list: Listing contexts for virtual host 'localhost'
14-May-2016 02:49:48.091 INFO [http-nio-8080-exec-217] org.apache.catalina.core.ApplicationContext.log Manager: list: Listing contexts for virtual host 'localhost'
14-May-2016 02:49:48.134 INFO [http-nio-8080-exec-222] org.apache.catalina.core.ApplicationContext.log Manager: undeploy: Undeploying web application at '/FakePonisha'
14-May-2016 02:49:48.688 INFO [http-nio-8080-exec-217] org.apache.catalina.core.ApplicationContext.log Manager: install: Installing context configuration at 'file:/var/folders/v4/ztg__nh11656g4_ddhfmgzrh0000gn/T/context2516150378013607377.xml'
14-May-2016 02:49:49.487 INFO [http-nio-8080-exec-227] org.apache.catalina.core.ApplicationContext.log Manager: start: Starting web application '/FakePonisha'
14-May-2016 02:50:42.301 INFO [http-nio-8080-exec-221] org.apache.catalina.core.ApplicationContext.log Manager: list: Listing contexts for virtual host 'localhost'
14-May-2016 02:50:42.325 INFO [http-nio-8080-exec-223] org.apache.catalina.core.ApplicationContext.log Manager: list: Listing contexts for virtual host 'localhost'
14-May-2016 02:50:42.368 INFO [http-nio-8080-exec-212] org.apache.catalina.core.ApplicationContext.log Manager: undeploy: Undeploying web application at '/FakePonisha'
14-May-2016 02:50:42.915 INFO [http-nio-8080-exec-223] org.apache.catalina.core.ApplicationContext.log Manager: install: Installing context configuration at 'file:/var/folders/v4/ztg__nh11656g4_ddhfmgzrh0000gn/T/context4428637892790729117.xml'
14-May-2016 02:50:43.753 INFO [http-nio-8080-exec-217] org.apache.catalina.core.ApplicationContext.log Manager: start: Starting web application '/FakePonisha'
14-May-2016 02:52:15.532 INFO [http-nio-8080-exec-235] org.apache.catalina.core.ApplicationContext.log Manager: list: Listing contexts for virtual host 'localhost'
14-May-2016 02:52:15.572 INFO [http-nio-8080-exec-236] org.apache.catalina.core.ApplicationContext.log Manager: list: Listing contexts for virtual host 'localhost'
14-May-2016 02:52:15.639 INFO [http-nio-8080-exec-237] org.apache.catalina.core.ApplicationContext.log Manager: undeploy: Undeploying web application at '/FakePonisha'
14-May-2016 02:52:15.710 INFO [http-nio-8080-exec-241] org.apache.catalina.core.ApplicationContext.log Manager: list: Listing contexts for virtual host 'localhost'
14-May-2016 02:52:16.194 INFO [http-nio-8080-exec-236] org.apache.catalina.core.ApplicationContext.log Manager: restart: Reloading web application '/FakePonisha'
14-May-2016 02:52:16.250 INFO [http-nio-8080-exec-239] org.apache.catalina.core.ApplicationContext.log Manager: install: Installing context configuration at 'file:/var/folders/v4/ztg__nh11656g4_ddhfmgzrh0000gn/T/context1655109318351049265.xml'
14-May-2016 02:52:17.362 INFO [http-nio-8080-exec-240] org.apache.catalina.core.ApplicationContext.log Manager: start: Starting web application '/FakePonisha'
14-May-2016 02:53:41.756 INFO [http-nio-8080-exec-240] org.apache.catalina.core.ApplicationContext.log Manager: list: Listing contexts for virtual host 'localhost'
14-May-2016 02:53:41.769 INFO [http-nio-8080-exec-247] org.apache.catalina.core.ApplicationContext.log Manager: list: Listing contexts for virtual host 'localhost'
14-May-2016 02:53:41.786 INFO [http-nio-8080-exec-243] org.apache.catalina.core.ApplicationContext.log Manager: undeploy: Undeploying web application at '/FakePonisha'
14-May-2016 02:53:42.324 INFO [http-nio-8080-exec-245] org.apache.catalina.core.ApplicationContext.log Manager: install: Installing context configuration at 'file:/var/folders/v4/ztg__nh11656g4_ddhfmgzrh0000gn/T/context8887529175257010658.xml'
14-May-2016 02:53:43.252 INFO [http-nio-8080-exec-234] org.apache.catalina.core.ApplicationContext.log Manager: start: Starting web application '/FakePonisha'
14-May-2016 02:54:08.905 INFO [http-nio-8080-exec-246] org.apache.catalina.core.ApplicationContext.log Manager: list: Listing contexts for virtual host 'localhost'
14-May-2016 02:54:08.945 INFO [http-nio-8080-exec-242] org.apache.catalina.core.ApplicationContext.log Manager: restart: Reloading web application '/FakePonisha'
14-May-2016 02:54:33.519 INFO [http-nio-8080-exec-255] org.apache.catalina.core.ApplicationContext.log Manager: list: Listing contexts for virtual host 'localhost'
14-May-2016 02:54:33.581 INFO [http-nio-8080-exec-256] org.apache.catalina.core.ApplicationContext.log Manager: list: Listing contexts for virtual host 'localhost'
14-May-2016 02:54:33.643 INFO [http-nio-8080-exec-243] org.apache.catalina.core.ApplicationContext.log Manager: undeploy: Undeploying web application at '/FakePonisha'
14-May-2016 02:54:34.225 INFO [http-nio-8080-exec-254] org.apache.catalina.core.ApplicationContext.log Manager: install: Installing context configuration at 'file:/var/folders/v4/ztg__nh11656g4_ddhfmgzrh0000gn/T/context6280894268596398656.xml'
14-May-2016 02:54:35.358 INFO [http-nio-8080-exec-234] org.apache.catalina.core.ApplicationContext.log Manager: start: Starting web application '/FakePonisha'
14-May-2016 02:55:14.913 INFO [http-nio-8080-exec-253] org.apache.catalina.core.ApplicationContext.log Manager: list: Listing contexts for virtual host 'localhost'
14-May-2016 02:55:14.941 INFO [http-nio-8080-exec-246] org.apache.catalina.core.ApplicationContext.log Manager: list: Listing contexts for virtual host 'localhost'
14-May-2016 02:55:18.985 INFO [http-nio-8080-exec-256] org.apache.catalina.core.ApplicationContext.log Manager: stop: Stopping web application '/FakePonisha'
14-May-2016 02:55:32.986 INFO [http-nio-8080-exec-246] org.apache.catalina.core.ApplicationContext.log Manager: list: Listing contexts for virtual host 'localhost'
14-May-2016 02:55:33.011 INFO [http-nio-8080-exec-264] org.apache.catalina.core.ApplicationContext.log Manager: list: Listing contexts for virtual host 'localhost'
14-May-2016 02:55:33.062 INFO [http-nio-8080-exec-265] org.apache.catalina.core.ApplicationContext.log Manager: undeploy: Undeploying web application at '/FakePonisha'
14-May-2016 02:55:33.594 INFO [http-nio-8080-exec-262] org.apache.catalina.core.ApplicationContext.log Manager: install: Installing context configuration at 'file:/var/folders/v4/ztg__nh11656g4_ddhfmgzrh0000gn/T/context8426160502519675729.xml'
14-May-2016 02:55:34.565 INFO [http-nio-8080-exec-253] org.apache.catalina.core.ApplicationContext.log Manager: start: Starting web application '/FakePonisha'
14-May-2016 02:56:23.375 INFO [http-nio-8080-exec-267] org.apache.catalina.core.ApplicationContext.log Manager: list: Listing contexts for virtual host 'localhost'
14-May-2016 02:56:23.389 INFO [http-nio-8080-exec-243] org.apache.catalina.core.ApplicationContext.log Manager: list: Listing contexts for virtual host 'localhost'
14-May-2016 02:56:23.406 INFO [http-nio-8080-exec-268] org.apache.catalina.core.ApplicationContext.log Manager: undeploy: Undeploying web application at '/FakePonisha'
14-May-2016 02:56:23.940 INFO [http-nio-8080-exec-267] org.apache.catalina.core.ApplicationContext.log Manager: install: Installing context configuration at 'file:/var/folders/v4/ztg__nh11656g4_ddhfmgzrh0000gn/T/context7000159990216941300.xml'
14-May-2016 02:56:24.941 INFO [http-nio-8080-exec-259] org.apache.catalina.core.ApplicationContext.log Manager: start: Starting web application '/FakePonisha'
14-May-2016 02:57:03.505 INFO [http-nio-8080-exec-266] org.apache.catalina.core.ApplicationContext.log Manager: list: Listing contexts for virtual host 'localhost'
14-May-2016 02:57:03.523 INFO [http-nio-8080-exec-268] org.apache.catalina.core.ApplicationContext.log Manager: list: Listing contexts for virtual host 'localhost'
14-May-2016 02:57:06.209 INFO [http-nio-8080-exec-269] org.apache.catalina.core.ApplicationContext.log Manager: stop: Stopping web application '/FakePonisha'
14-May-2016 02:57:11.741 INFO [http-nio-8080-exec-265] org.apache.catalina.core.ApplicationContext.log Manager: undeploy: Undeploying web application at '/FakePonisha'
14-May-2016 02:57:12.267 INFO [http-nio-8080-exec-259] org.apache.catalina.core.ApplicationContext.log Manager: list: Listing contexts for virtual host 'localhost'
14-May-2016 02:57:12.282 INFO [http-nio-8080-exec-270] org.apache.catalina.core.ApplicationContext.log Manager: list: Listing contexts for virtual host 'localhost'
14-May-2016 02:57:20.731 INFO [http-nio-8080-exec-270] org.apache.catalina.core.ApplicationContext.log Manager: list: Listing contexts for virtual host 'localhost'
14-May-2016 02:57:20.765 INFO [http-nio-8080-exec-275] org.apache.catalina.core.ApplicationContext.log Manager: list: Listing contexts for virtual host 'localhost'
14-May-2016 02:57:20.787 INFO [http-nio-8080-exec-276] org.apache.catalina.core.ApplicationContext.log Manager: install: Installing context configuration at 'file:/var/folders/v4/ztg__nh11656g4_ddhfmgzrh0000gn/T/context3082502078530190457.xml'
14-May-2016 02:57:21.675 INFO [http-nio-8080-exec-272] org.apache.catalina.core.ApplicationContext.log Manager: start: Starting web application '/FakePonisha'
14-May-2016 02:57:58.115 INFO [http-nio-8080-exec-273] org.apache.catalina.core.ApplicationContext.log Manager: list: Listing contexts for virtual host 'localhost'
14-May-2016 02:57:58.152 INFO [http-nio-8080-exec-274] org.apache.catalina.core.ApplicationContext.log Manager: restart: Reloading web application '/FakePonisha'
14-May-2016 02:59:50.833 INFO [http-nio-8080-exec-3] org.apache.catalina.core.ApplicationContext.log Manager: init: Associated with Deployer 'Catalina:type=Deployer,host=localhost'
14-May-2016 02:59:50.834 INFO [http-nio-8080-exec-3] org.apache.catalina.core.ApplicationContext.log Manager: init: Global resources are available
14-May-2016 02:59:50.835 INFO [http-nio-8080-exec-3] org.apache.catalina.core.ApplicationContext.log Manager: list: Listing contexts for virtual host 'localhost'
14-May-2016 02:59:50.876 INFO [http-nio-8080-exec-4] org.apache.catalina.core.ApplicationContext.log Manager: list: Listing contexts for virtual host 'localhost'
14-May-2016 02:59:50.956 INFO [http-nio-8080-exec-5] org.apache.catalina.core.ApplicationContext.log Manager: undeploy: Undeploying web application at '/FakePonisha'
14-May-2016 02:59:51.550 INFO [http-nio-8080-exec-9] org.apache.catalina.core.ApplicationContext.log Manager: install: Installing context configuration at 'file:/var/folders/v4/ztg__nh11656g4_ddhfmgzrh0000gn/T/context1717744999504073046.xml'
14-May-2016 02:59:53.156 INFO [http-nio-8080-exec-10] org.apache.catalina.core.ApplicationContext.log Manager: start: Starting web application '/FakePonisha'
14-May-2016 03:02:09.720 INFO [http-nio-8080-exec-13] org.apache.catalina.core.ApplicationContext.log Manager: list: Listing contexts for virtual host 'localhost'
14-May-2016 03:02:09.801 INFO [http-nio-8080-exec-14] org.apache.catalina.core.ApplicationContext.log Manager: restart: Reloading web application '/FakePonisha'
14-May-2016 03:02:26.247 INFO [http-nio-8080-exec-7] org.apache.catalina.core.ApplicationContext.log Manager: init: Associated with Deployer 'Catalina:type=Deployer,host=localhost'
14-May-2016 03:02:26.247 INFO [http-nio-8080-exec-7] org.apache.catalina.core.ApplicationContext.log Manager: init: Global resources are available
14-May-2016 03:02:26.250 INFO [http-nio-8080-exec-7] org.apache.catalina.core.ApplicationContext.log Manager: list: Listing contexts for virtual host 'localhost'
14-May-2016 03:02:26.274 INFO [http-nio-8080-exec-5] org.apache.catalina.core.ApplicationContext.log Manager: list: Listing contexts for virtual host 'localhost'
14-May-2016 03:02:26.315 INFO [http-nio-8080-exec-8] org.apache.catalina.core.ApplicationContext.log Manager: undeploy: Undeploying web application at '/FakePonisha'
14-May-2016 03:02:26.890 INFO [http-nio-8080-exec-1] org.apache.catalina.core.ApplicationContext.log Manager: install: Installing context configuration at 'file:/var/folders/v4/ztg__nh11656g4_ddhfmgzrh0000gn/T/context4223732575784660809.xml'
14-May-2016 03:02:28.839 INFO [http-nio-8080-exec-6] org.apache.catalina.core.ApplicationContext.log Manager: start: Starting web application '/FakePonisha'
14-May-2016 03:03:25.386 INFO [http-nio-8080-exec-14] org.apache.catalina.core.ApplicationContext.log Manager: list: Listing contexts for virtual host 'localhost'
14-May-2016 03:03:25.438 INFO [http-nio-8080-exec-15] org.apache.catalina.core.ApplicationContext.log Manager: list: Listing contexts for virtual host 'localhost'
14-May-2016 03:03:25.466 INFO [http-nio-8080-exec-16] org.apache.catalina.core.ApplicationContext.log Manager: undeploy: Undeploying web application at '/FakePonisha'
14-May-2016 03:03:26.035 INFO [http-nio-8080-exec-13] org.apache.catalina.core.ApplicationContext.log Manager: install: Installing context configuration at 'file:/var/folders/v4/ztg__nh11656g4_ddhfmgzrh0000gn/T/context6406225060531958167.xml'
14-May-2016 03:03:27.255 INFO [http-nio-8080-exec-12] org.apache.catalina.core.ApplicationContext.log Manager: start: Starting web application '/FakePonisha'
14-May-2016 03:04:21.027 INFO [http-nio-8080-exec-6] org.apache.catalina.core.ApplicationContext.log Manager: list: Listing contexts for virtual host 'localhost'
14-May-2016 03:04:21.121 INFO [http-nio-8080-exec-4] org.apache.catalina.core.ApplicationContext.log Manager: restart: Reloading web application '/FakePonisha'
14-May-2016 03:04:25.910 INFO [http-nio-8080-exec-6] org.apache.catalina.core.ApplicationContext.log Manager: list: Listing contexts for virtual host 'localhost'
14-May-2016 03:04:25.955 INFO [http-nio-8080-exec-19] org.apache.catalina.core.ApplicationContext.log Manager: restart: Reloading web application '/FakePonisha'
14-May-2016 03:04:35.327 INFO [http-nio-8080-exec-16] org.apache.catalina.core.ApplicationContext.log Manager: list: Listing contexts for virtual host 'localhost'
14-May-2016 03:04:35.387 INFO [http-nio-8080-exec-24] org.apache.catalina.core.ApplicationContext.log Manager: list: Listing contexts for virtual host 'localhost'
14-May-2016 03:04:35.440 INFO [http-nio-8080-exec-25] org.apache.catalina.core.ApplicationContext.log Manager: undeploy: Undeploying web application at '/FakePonisha'
14-May-2016 03:04:35.982 INFO [http-nio-8080-exec-16] org.apache.catalina.core.ApplicationContext.log Manager: install: Installing context configuration at 'file:/var/folders/v4/ztg__nh11656g4_ddhfmgzrh0000gn/T/context32312450929957027.xml'
14-May-2016 03:04:37.169 INFO [http-nio-8080-exec-23] org.apache.catalina.core.ApplicationContext.log Manager: start: Starting web application '/FakePonisha'
14-May-2016 03:05:54.482 INFO [http-nio-8080-exec-32] org.apache.catalina.core.ApplicationContext.log Manager: list: Listing contexts for virtual host 'localhost'
14-May-2016 03:05:54.546 INFO [http-nio-8080-exec-24] org.apache.catalina.core.ApplicationContext.log Manager: list: Listing contexts for virtual host 'localhost'
14-May-2016 03:05:54.585 INFO [http-nio-8080-exec-27] org.apache.catalina.core.ApplicationContext.log Manager: undeploy: Undeploying web application at '/FakePonisha'
14-May-2016 03:05:55.143 INFO [http-nio-8080-exec-33] org.apache.catalina.core.ApplicationContext.log Manager: install: Installing context configuration at 'file:/var/folders/v4/ztg__nh11656g4_ddhfmgzrh0000gn/T/context6076890153005714126.xml'
14-May-2016 03:05:55.980 INFO [http-nio-8080-exec-32] org.apache.catalina.core.ApplicationContext.log Manager: start: Starting web application '/FakePonisha'
14-May-2016 03:06:29.799 INFO [http-nio-8080-exec-22] org.apache.catalina.core.ApplicationContext.log Manager: list: Listing contexts for virtual host 'localhost'
14-May-2016 03:06:29.830 INFO [http-nio-8080-exec-32] org.apache.catalina.core.ApplicationContext.log Manager: undeploy: Undeploying web application at '/FakePonisha'
14-May-2016 03:07:03.590 INFO [http-nio-8080-exec-32] org.apache.catalina.core.ApplicationContext.log Manager: list: Listing contexts for virtual host 'localhost'
14-May-2016 03:07:03.621 INFO [http-nio-8080-exec-39] org.apache.catalina.core.ApplicationContext.log Manager: list: Listing contexts for virtual host 'localhost'
14-May-2016 03:07:03.677 INFO [http-nio-8080-exec-40] org.apache.catalina.core.ApplicationContext.log Manager: install: Installing context configuration at 'file:/var/folders/v4/ztg__nh11656g4_ddhfmgzrh0000gn/T/context3255652892013947818.xml'
14-May-2016 03:07:04.521 INFO [http-nio-8080-exec-31] org.apache.catalina.core.ApplicationContext.log Manager: start: Starting web application '/FakePonisha'
14-May-2016 03:08:32.699 INFO [http-nio-8080-exec-46] org.apache.catalina.core.ApplicationContext.log Manager: list: Listing contexts for virtual host 'localhost'
14-May-2016 03:08:32.760 INFO [http-nio-8080-exec-47] org.apache.catalina.core.ApplicationContext.log Manager: list: Listing contexts for virtual host 'localhost'
14-May-2016 03:08:32.798 INFO [http-nio-8080-exec-40] org.apache.catalina.core.ApplicationContext.log Manager: undeploy: Undeploying web application at '/FakePonisha'
14-May-2016 03:08:33.097 INFO [http-nio-8080-exec-44] org.apache.catalina.core.ApplicationContext.log Manager: list: Listing contexts for virtual host 'localhost'
14-May-2016 03:08:33.343 INFO [http-nio-8080-exec-46] org.apache.catalina.core.ApplicationContext.log Manager: restart: Reloading web application '/FakePonisha'
14-May-2016 03:08:33.388 INFO [http-nio-8080-exec-47] org.apache.catalina.core.ApplicationContext.log Manager: install: Installing context configuration at 'file:/var/folders/v4/ztg__nh11656g4_ddhfmgzrh0000gn/T/context9090451928400797955.xml'
14-May-2016 03:08:34.540 INFO [http-nio-8080-exec-41] org.apache.catalina.core.ApplicationContext.log Manager: start: Starting web application '/FakePonisha'
14-May-2016 03:09:13.782 INFO [http-nio-8080-exec-45] org.apache.catalina.core.ApplicationContext.log Manager: list: Listing contexts for virtual host 'localhost'
14-May-2016 03:09:13.822 INFO [http-nio-8080-exec-51] org.apache.catalina.core.ApplicationContext.log Manager: list: Listing contexts for virtual host 'localhost'
14-May-2016 03:09:13.841 INFO [http-nio-8080-exec-52] org.apache.catalina.core.ApplicationContext.log Manager: undeploy: Undeploying web application at '/FakePonisha'
14-May-2016 03:09:14.399 INFO [http-nio-8080-exec-51] org.apache.catalina.core.ApplicationContext.log Manager: install: Installing context configuration at 'file:/var/folders/v4/ztg__nh11656g4_ddhfmgzrh0000gn/T/context852146710894835925.xml'
14-May-2016 03:09:15.494 INFO [http-nio-8080-exec-42] org.apache.catalina.core.ApplicationContext.log Manager: start: Starting web application '/FakePonisha'
14-May-2016 03:09:20.744 INFO [http-nio-8080-exec-48] org.apache.catalina.core.ApplicationContext.log Manager: list: Listing contexts for virtual host 'localhost'
14-May-2016 03:09:20.782 INFO [http-nio-8080-exec-52] org.apache.catalina.core.ApplicationContext.log Manager: undeploy: Undeploying web application at '/FakePonisha'
14-May-2016 03:10:04.580 INFO [http-nio-8080-exec-50] org.apache.catalina.core.ApplicationContext.log Manager: list: Listing contexts for virtual host 'localhost'
14-May-2016 03:10:25.041 INFO [http-nio-8080-exec-39] org.apache.catalina.core.ApplicationContext.log Manager: list: Listing contexts for virtual host 'localhost'
14-May-2016 03:10:25.060 INFO [http-nio-8080-exec-50] org.apache.catalina.core.ApplicationContext.log Manager: list: Listing contexts for virtual host 'localhost'
14-May-2016 03:10:25.096 INFO [http-nio-8080-exec-60] org.apache.catalina.core.ApplicationContext.log Manager: install: Installing context configuration at 'file:/var/folders/v4/ztg__nh11656g4_ddhfmgzrh0000gn/T/context4315064747070965232.xml'
14-May-2016 03:10:25.702 INFO [http-nio-8080-exec-61] org.apache.catalina.core.ApplicationContext.log Manager: start: Starting web application '/FakePonisha'
14-May-2016 03:10:57.936 INFO [http-nio-8080-exec-60] org.apache.catalina.core.ApplicationContext.log Manager: list: Listing contexts for virtual host 'localhost'
14-May-2016 03:10:57.987 INFO [http-nio-8080-exec-61] org.apache.catalina.core.ApplicationContext.log Manager: undeploy: Undeploying web application at '/FakePonisha'
14-May-2016 03:10:58.318 INFO [http-nio-8080-exec-50] org.apache.catalina.core.ApplicationContext.log Manager: list: Listing contexts for virtual host 'localhost'
14-May-2016 03:10:58.559 INFO [http-nio-8080-exec-65] org.apache.catalina.core.ApplicationContext.log Manager: restart: Reloading web application '/FakePonisha'
14-May-2016 03:11:20.886 INFO [http-nio-8080-exec-65] org.apache.catalina.core.ApplicationContext.log Manager: list: Listing contexts for virtual host 'localhost'
14-May-2016 03:11:20.912 INFO [http-nio-8080-exec-66] org.apache.catalina.core.ApplicationContext.log Manager: list: Listing contexts for virtual host 'localhost'
14-May-2016 03:11:20.955 INFO [http-nio-8080-exec-62] org.apache.catalina.core.ApplicationContext.log Manager: install: Installing context configuration at 'file:/var/folders/v4/ztg__nh11656g4_ddhfmgzrh0000gn/T/context7603764377923888099.xml'
14-May-2016 03:11:21.655 INFO [http-nio-8080-exec-67] org.apache.catalina.core.ApplicationContext.log Manager: start: Starting web application '/FakePonisha'
